<?xml version="1.0" encoding="utf-8"?>
<!DOCTYPE coverage SYSTEM "http://cobertura.sourceforge.net/xml/coverage-04.dtd">
<coverage line-rate="0.6359832635983264" branch-rate="0.7" lines-covered="152" lines-valid="239" branches-covered="42" branches-valid="60" complexity="88" version="0" timestamp="1616978369">
  <sources>
    <source>C:\Users\marios\</source>
  </sources>
  <packages>
    <package name="PlumbGuide.PlutoRover.Tests" line-rate="0.984375" branch-rate="1" complexity="8">
      <classes>
        <class name="AutoGeneratedProgram" filename="C:\Users\marios\.nuget\packages\microsoft.net.test.sdk\16.7.1\build\netcoreapp2.1\Microsoft.NET.Test.Sdk.Program.cs" line-rate="0" branch-rate="1" complexity="1">
          <methods>
            <method name="Main" signature="(...)" line-rate="0" branch-rate="1" complexity="1">
              <lines>
                <line number="4" hits="0" branch="false" />
              </lines>
            </method>
          </methods>
          <lines>
            <line number="4" hits="0" branch="false" />
          </lines>
        </class>
        <class name="PlumbGuide.PlutoRover.Tests.GuardTests" filename="C:\Users\marios\source\repos\PlumGuide.PlutoRover\src\PlumbGuide.PlutoRover.Tests\GuardTests.cs" line-rate="1" branch-rate="1" complexity="1">
          <methods>
            <method name="OnNavigatingOutOfBoundaries_WrappingWorksAsExpected" signature="(...)" line-rate="1" branch-rate="1" complexity="1">
              <lines>
                <line number="30" hits="14" branch="false" />
                <line number="32" hits="14" branch="false" />
                <line number="33" hits="14" branch="false" />
                <line number="34" hits="14" branch="false" />
                <line number="35" hits="14" branch="false" />
                <line number="36" hits="14" branch="false" />
                <line number="37" hits="14" branch="false" />
                <line number="39" hits="14" branch="false" />
                <line number="42" hits="14" branch="false" />
                <line number="45" hits="14" branch="false" />
                <line number="46" hits="14" branch="false" />
                <line number="47" hits="14" branch="false" />
              </lines>
            </method>
          </methods>
          <lines>
            <line number="30" hits="14" branch="false" />
            <line number="32" hits="14" branch="false" />
            <line number="33" hits="14" branch="false" />
            <line number="34" hits="14" branch="false" />
            <line number="35" hits="14" branch="false" />
            <line number="36" hits="14" branch="false" />
            <line number="37" hits="14" branch="false" />
            <line number="39" hits="14" branch="false" />
            <line number="42" hits="14" branch="false" />
            <line number="45" hits="14" branch="false" />
            <line number="46" hits="14" branch="false" />
            <line number="47" hits="14" branch="false" />
          </lines>
        </class>
        <class name="PlumbGuide.PlutoRover.Tests.NavigateServiceTests" filename="C:\Users\marios\source\repos\PlumGuide.PlutoRover\src\PlumbGuide.PlutoRover.Tests\NavigateServiceTests.cs" line-rate="1" branch-rate="1" complexity="6">
          <methods>
            <method name="OnTurningDirection_RoverTurnsToTheExpectedCompassDirection" signature="(...)" line-rate="1" branch-rate="1" complexity="1">
              <lines>
                <line number="59" hits="32" branch="false" />
                <line number="61" hits="32" branch="false" />
                <line number="62" hits="32" branch="false" />
                <line number="65" hits="32" branch="false" />
                <line number="66" hits="32" branch="false" />
                <line number="69" hits="32" branch="false" />
                <line number="70" hits="32" branch="false" />
                <line number="71" hits="32" branch="false" />
              </lines>
            </method>
            <method name="OnReceivingValidCommands_RoverShouldEndUpFacingInTheRightDirectionWithTheExpectedCartesianCoordinates" signature="(...)" line-rate="1" branch-rate="1" complexity="1">
              <lines>
                <line number="79" hits="4" branch="false" />
                <line number="81" hits="4" branch="false" />
                <line number="82" hits="4" branch="false" />
                <line number="85" hits="4" branch="false" />
                <line number="86" hits="4" branch="false" />
                <line number="89" hits="4" branch="false" />
                <line number="90" hits="4" branch="false" />
                <line number="91" hits="4" branch="false" />
                <line number="92" hits="4" branch="false" />
                <line number="93" hits="4" branch="false" />
              </lines>
            </method>
            <method name="OnReceivingInvalidCommands_RoverShouldThrowException" signature="(...)" line-rate="1" branch-rate="1" complexity="1">
              <lines>
                <line number="106" hits="9" branch="false" />
                <line number="108" hits="9" branch="false" />
                <line number="109" hits="9" branch="false" />
                <line number="112" hits="9" branch="false" />
                <line number="113" hits="18" branch="false" />
                <line number="116" hits="9" branch="false" />
                <line number="117" hits="9" branch="false" />
                <line number="118" hits="9" branch="false" />
                <line number="119" hits="9" branch="false" />
              </lines>
            </method>
            <method name="OnOnstacleDetection_RoverThrowsAndReportsObstacleCoordinates" signature="(...)" line-rate="1" branch-rate="1" complexity="1">
              <lines>
                <line number="127" hits="4" branch="false" />
                <line number="129" hits="4" branch="false" />
                <line number="130" hits="4" branch="false" />
                <line number="131" hits="4" branch="false" />
                <line number="135" hits="4" branch="false" />
                <line number="136" hits="8" branch="false" />
                <line number="139" hits="4" branch="false" />
                <line number="140" hits="4" branch="false" />
                <line number="141" hits="4" branch="false" />
                <line number="142" hits="4" branch="false" />
                <line number="143" hits="4" branch="false" />
              </lines>
            </method>
            <method name="InitialiseRoverLandingVariables" signature="(...)" line-rate="1" branch-rate="1" complexity="2">
              <lines>
                <line number="146" hits="49" branch="false" />
                <line number="147" hits="49" branch="true" condition-coverage="100% (2/2)" />
                <line number="148" hits="49" branch="false" />
                <line number="149" hits="49" branch="false" />
                <line number="150" hits="49" branch="false" />
                <line number="152" hits="49" branch="false" />
                <line number="154" hits="49" branch="false" />
                <line number="155" hits="49" branch="false" />
                <line number="156" hits="49" branch="false" />
                <line number="157" hits="49" branch="false" />
                <line number="158" hits="49" branch="false" />
                <line number="159" hits="49" branch="false" />
                <line number="160" hits="49" branch="false" />
              </lines>
            </method>
          </methods>
          <lines>
            <line number="59" hits="32" branch="false" />
            <line number="61" hits="32" branch="false" />
            <line number="62" hits="32" branch="false" />
            <line number="65" hits="32" branch="false" />
            <line number="66" hits="32" branch="false" />
            <line number="69" hits="32" branch="false" />
            <line number="70" hits="32" branch="false" />
            <line number="71" hits="32" branch="false" />
            <line number="79" hits="4" branch="false" />
            <line number="81" hits="4" branch="false" />
            <line number="82" hits="4" branch="false" />
            <line number="85" hits="4" branch="false" />
            <line number="86" hits="4" branch="false" />
            <line number="89" hits="4" branch="false" />
            <line number="90" hits="4" branch="false" />
            <line number="91" hits="4" branch="false" />
            <line number="92" hits="4" branch="false" />
            <line number="93" hits="4" branch="false" />
            <line number="106" hits="9" branch="false" />
            <line number="108" hits="9" branch="false" />
            <line number="109" hits="9" branch="false" />
            <line number="112" hits="9" branch="false" />
            <line number="113" hits="18" branch="false" />
            <line number="116" hits="9" branch="false" />
            <line number="117" hits="9" branch="false" />
            <line number="118" hits="9" branch="false" />
            <line number="119" hits="9" branch="false" />
            <line number="127" hits="4" branch="false" />
            <line number="129" hits="4" branch="false" />
            <line number="130" hits="4" branch="false" />
            <line number="131" hits="4" branch="false" />
            <line number="135" hits="4" branch="false" />
            <line number="136" hits="8" branch="false" />
            <line number="139" hits="4" branch="false" />
            <line number="140" hits="4" branch="false" />
            <line number="141" hits="4" branch="false" />
            <line number="142" hits="4" branch="false" />
            <line number="143" hits="4" branch="false" />
            <line number="146" hits="49" branch="false" />
            <line number="147" hits="49" branch="true" condition-coverage="100% (2/2)" />
            <line number="148" hits="49" branch="false" />
            <line number="149" hits="49" branch="false" />
            <line number="150" hits="49" branch="false" />
            <line number="152" hits="49" branch="false" />
            <line number="154" hits="49" branch="false" />
            <line number="155" hits="49" branch="false" />
            <line number="156" hits="49" branch="false" />
            <line number="157" hits="49" branch="false" />
            <line number="158" hits="49" branch="false" />
            <line number="159" hits="49" branch="false" />
            <line number="160" hits="49" branch="false" />
          </lines>
        </class>
      </classes>
    </package>
    <package name="PlumGuide.PlutoRover.Web" line-rate="0.5085714285714286" branch-rate="0.6896551724137931" complexity="80">
      <classes>
        <class name="PlumGuide.PlutoRover.Program" filename="C:\Users\marios\source\repos\PlumGuide.PlutoRover\src\PlumGuide.PlutoRover\Program.cs" line-rate="0" branch-rate="1" complexity="2">
          <methods>
            <method name="Main" signature="(...)" line-rate="0" branch-rate="1" complexity="1">
              <lines>
                <line number="15" hits="0" branch="false" />
                <line number="16" hits="0" branch="false" />
                <line number="17" hits="0" branch="false" />
              </lines>
            </method>
            <method name="CreateHostBuilder" signature="(...)" line-rate="0" branch-rate="1" complexity="1">
              <lines>
                <line number="20" hits="0" branch="false" />
                <line number="21" hits="0" branch="false" />
                <line number="22" hits="0" branch="false" />
                <line number="23" hits="0" branch="false" />
                <line number="24" hits="0" branch="false" />
              </lines>
            </method>
          </methods>
          <lines>
            <line number="15" hits="0" branch="false" />
            <line number="16" hits="0" branch="false" />
            <line number="17" hits="0" branch="false" />
            <line number="20" hits="0" branch="false" />
            <line number="21" hits="0" branch="false" />
            <line number="22" hits="0" branch="false" />
            <line number="23" hits="0" branch="false" />
            <line number="24" hits="0" branch="false" />
          </lines>
        </class>
        <class name="PlumGuide.PlutoRover.Startup" filename="C:\Users\marios\source\repos\PlumGuide.PlutoRover\src\PlumGuide.PlutoRover\Startup.cs" line-rate="0" branch-rate="0" complexity="5">
          <methods>
            <method name="get_Configuration" signature="()" line-rate="0" branch-rate="1" complexity="1">
              <lines>
                <line number="22" hits="0" branch="false" />
              </lines>
            </method>
            <method name="ConfigureServices" signature="(...)" line-rate="0" branch-rate="1" complexity="1">
              <lines>
                <line number="26" hits="0" branch="false" />
                <line number="28" hits="0" branch="false" />
                <line number="29" hits="0" branch="false" />
                <line number="30" hits="0" branch="false" />
                <line number="31" hits="0" branch="false" />
                <line number="32" hits="0" branch="false" />
                <line number="34" hits="0" branch="false" />
                <line number="35" hits="0" branch="false" />
                <line number="36" hits="0" branch="false" />
                <line number="37" hits="0" branch="false" />
                <line number="38" hits="0" branch="false" />
                <line number="40" hits="0" branch="false" />
                <line number="41" hits="0" branch="false" />
                <line number="42" hits="0" branch="false" />
                <line number="43" hits="0" branch="false" />
                <line number="45" hits="0" branch="false" />
                <line number="46" hits="0" branch="false" />
                <line number="47" hits="0" branch="false" />
                <line number="48" hits="0" branch="false" />
                <line number="49" hits="0" branch="false" />
                <line number="50" hits="0" branch="false" />
                <line number="52" hits="0" branch="false" />
                <line number="53" hits="0" branch="false" />
                <line number="54" hits="0" branch="false" />
              </lines>
            </method>
            <method name="Configure" signature="(...)" line-rate="0" branch-rate="0" complexity="2">
              <lines>
                <line number="58" hits="0" branch="false" />
                <line number="59" hits="0" branch="true" condition-coverage="0% (0/2)" />
                <line number="60" hits="0" branch="false" />
                <line number="61" hits="0" branch="false" />
                <line number="62" hits="0" branch="false" />
                <line number="63" hits="0" branch="false" />
                <line number="64" hits="0" branch="false" />
                <line number="66" hits="0" branch="false" />
                <line number="68" hits="0" branch="false" />
                <line number="70" hits="0" branch="false" />
                <line number="72" hits="0" branch="false" />
                <line number="73" hits="0" branch="false" />
                <line number="74" hits="0" branch="false" />
                <line number="75" hits="0" branch="false" />
                <line number="76" hits="0" branch="false" />
              </lines>
            </method>
            <method name=".ctor" signature="(...)" line-rate="0" branch-rate="1" complexity="1">
              <lines>
                <line number="17" hits="0" branch="false" />
                <line number="18" hits="0" branch="false" />
                <line number="19" hits="0" branch="false" />
                <line number="20" hits="0" branch="false" />
              </lines>
            </method>
          </methods>
          <lines>
            <line number="17" hits="0" branch="false" />
            <line number="18" hits="0" branch="false" />
            <line number="19" hits="0" branch="false" />
            <line number="20" hits="0" branch="false" />
            <line number="22" hits="0" branch="false" />
            <line number="26" hits="0" branch="false" />
            <line number="28" hits="0" branch="false" />
            <line number="29" hits="0" branch="false" />
            <line number="30" hits="0" branch="false" />
            <line number="31" hits="0" branch="false" />
            <line number="32" hits="0" branch="false" />
            <line number="34" hits="0" branch="false" />
            <line number="35" hits="0" branch="false" />
            <line number="36" hits="0" branch="false" />
            <line number="37" hits="0" branch="false" />
            <line number="38" hits="0" branch="false" />
            <line number="40" hits="0" branch="false" />
            <line number="41" hits="0" branch="false" />
            <line number="42" hits="0" branch="false" />
            <line number="43" hits="0" branch="false" />
            <line number="45" hits="0" branch="false" />
            <line number="46" hits="0" branch="false" />
            <line number="47" hits="0" branch="false" />
            <line number="48" hits="0" branch="false" />
            <line number="49" hits="0" branch="false" />
            <line number="50" hits="0" branch="false" />
            <line number="52" hits="0" branch="false" />
            <line number="53" hits="0" branch="false" />
            <line number="54" hits="0" branch="false" />
            <line number="58" hits="0" branch="false" />
            <line number="59" hits="0" branch="true" condition-coverage="0% (0/2)" />
            <line number="60" hits="0" branch="false" />
            <line number="61" hits="0" branch="false" />
            <line number="62" hits="0" branch="false" />
            <line number="63" hits="0" branch="false" />
            <line number="64" hits="0" branch="false" />
            <line number="66" hits="0" branch="false" />
            <line number="68" hits="0" branch="false" />
            <line number="70" hits="0" branch="false" />
            <line number="72" hits="0" branch="false" />
            <line number="73" hits="0" branch="false" />
            <line number="74" hits="0" branch="false" />
            <line number="75" hits="0" branch="false" />
            <line number="76" hits="0" branch="false" />
          </lines>
        </class>
        <class name="PlumGuide.PlutoRover.Web.Controllers.HomeController" filename="C:\Users\marios\source\repos\PlumGuide.PlutoRover\src\PlumGuide.PlutoRover\Controllers\HomeController.cs" line-rate="0" branch-rate="0" complexity="4">
          <methods>
            <method name="Index" signature="(...)" line-rate="0" branch-rate="0" complexity="2">
              <lines>
                <line number="21" hits="0" branch="false" />
                <line number="22" hits="0" branch="false" />
                <line number="23" hits="0" branch="true" condition-coverage="0% (0/2)" />
                <line number="24" hits="0" branch="false" />
                <line number="26" hits="0" branch="false" />
                <line number="27" hits="0" branch="false" />
              </lines>
            </method>
            <method name=".ctor" signature="(...)" line-rate="0" branch-rate="0" complexity="2">
              <lines>
                <line number="14" hits="0" branch="false" />
                <line number="15" hits="0" branch="false" />
                <line number="16" hits="0" branch="true" condition-coverage="0% (0/2)" />
                <line number="17" hits="0" branch="false" />
              </lines>
            </method>
          </methods>
          <lines>
            <line number="14" hits="0" branch="false" />
            <line number="15" hits="0" branch="false" />
            <line number="16" hits="0" branch="true" condition-coverage="0% (0/2)" />
            <line number="17" hits="0" branch="false" />
            <line number="21" hits="0" branch="false" />
            <line number="22" hits="0" branch="false" />
            <line number="23" hits="0" branch="true" condition-coverage="0% (0/2)" />
            <line number="24" hits="0" branch="false" />
            <line number="26" hits="0" branch="false" />
            <line number="27" hits="0" branch="false" />
          </lines>
        </class>
        <class name="PlumGuide.PlutoRover.Web.Exceptions.NavigationException" filename="C:\Users\marios\source\repos\PlumGuide.PlutoRover\src\PlumGuide.PlutoRover\Exceptions\NavigationException.cs" line-rate="0.25" branch-rate="1" complexity="4">
          <methods>
            <method name=".ctor" signature="()" line-rate="0" branch-rate="1" complexity="1">
              <lines>
                <line number="9" hits="0" branch="false" />
                <line number="10" hits="0" branch="false" />
                <line number="11" hits="0" branch="false" />
              </lines>
            </method>
            <method name=".ctor" signature="(...)" line-rate="1" branch-rate="1" complexity="1">
              <lines>
                <line number="13" hits="13" branch="false" />
                <line number="14" hits="13" branch="false" />
                <line number="15" hits="13" branch="false" />
              </lines>
            </method>
            <method name=".ctor" signature="(...)" line-rate="0" branch-rate="1" complexity="1">
              <lines>
                <line number="17" hits="0" branch="false" />
                <line number="18" hits="0" branch="false" />
                <line number="19" hits="0" branch="false" />
              </lines>
            </method>
            <method name=".ctor" signature="(...)" line-rate="0" branch-rate="1" complexity="1">
              <lines>
                <line number="21" hits="0" branch="false" />
                <line number="22" hits="0" branch="false" />
                <line number="23" hits="0" branch="false" />
              </lines>
            </method>
          </methods>
          <lines>
            <line number="9" hits="0" branch="false" />
            <line number="10" hits="0" branch="false" />
            <line number="11" hits="0" branch="false" />
            <line number="13" hits="13" branch="false" />
            <line number="14" hits="13" branch="false" />
            <line number="15" hits="13" branch="false" />
            <line number="17" hits="0" branch="false" />
            <line number="18" hits="0" branch="false" />
            <line number="19" hits="0" branch="false" />
            <line number="21" hits="0" branch="false" />
            <line number="22" hits="0" branch="false" />
            <line number="23" hits="0" branch="false" />
          </lines>
        </class>
        <class name="PlumGuide.PlutoRover.Web.Models.CartesianCoordinates" filename="C:\Users\marios\source\repos\PlumGuide.PlutoRover\src\PlumGuide.PlutoRover\Models\CartesianCoordinates.cs" line-rate="1" branch-rate="1" complexity="2">
          <methods>
            <method name="get_X" signature="()" line-rate="1" branch-rate="1" complexity="1">
              <lines>
                <line number="5" hits="1365" branch="false" />
              </lines>
            </method>
            <method name="get_Y" signature="()" line-rate="1" branch-rate="1" complexity="1">
              <lines>
                <line number="6" hits="821" branch="false" />
              </lines>
            </method>
          </methods>
          <lines>
            <line number="5" hits="1365" branch="false" />
            <line number="6" hits="821" branch="false" />
          </lines>
        </class>
        <class name="PlumGuide.PlutoRover.Web.Models.Planet" filename="C:\Users\marios\source\repos\PlumGuide.PlutoRover\src\PlumGuide.PlutoRover\Models\Planet.cs" line-rate="1" branch-rate="1" complexity="3">
          <methods>
            <method name="get_Name" signature="()" line-rate="1" branch-rate="1" complexity="1">
              <lines>
                <line number="7" hits="63" branch="false" />
              </lines>
            </method>
            <method name="get_Obstacles" signature="()" line-rate="1" branch-rate="1" complexity="1">
              <lines>
                <line number="8" hits="212" branch="false" />
              </lines>
            </method>
            <method name="get_GridAreaSize" signature="()" line-rate="1" branch-rate="1" complexity="1">
              <lines>
                <line number="9" hits="411" branch="false" />
              </lines>
            </method>
          </methods>
          <lines>
            <line number="7" hits="63" branch="false" />
            <line number="8" hits="212" branch="false" />
            <line number="9" hits="411" branch="false" />
          </lines>
        </class>
        <class name="PlumGuide.PlutoRover.Web.Models.RoverPosition" filename="C:\Users\marios\source\repos\PlumGuide.PlutoRover\src\PlumGuide.PlutoRover\Models\RoverPosition.cs" line-rate="1" branch-rate="1" complexity="1">
          <methods>
            <method name="get_Direction" signature="()" line-rate="1" branch-rate="1" complexity="1">
              <lines>
                <line number="12" hits="554" branch="false" />
              </lines>
            </method>
          </methods>
          <lines>
            <line number="12" hits="554" branch="false" />
          </lines>
        </class>
        <class name="PlumGuide.PlutoRover.Web.Services.Guard" filename="C:\Users\marios\source\repos\PlumGuide.PlutoRover\src\PlumGuide.PlutoRover\Guards\Guard.cs" line-rate="1" branch-rate="1" complexity="12">
          <methods>
            <method name="WrapEdges" signature="(...)" line-rate="1" branch-rate="1" complexity="8">
              <lines>
                <line number="10" hits="163" branch="false" />
                <line number="11" hits="163" branch="true" condition-coverage="100% (4/4)" />
                <line number="12" hits="14" branch="false" />
                <line number="13" hits="14" branch="false" />
                <line number="14" hits="14" branch="false" />
                <line number="16" hits="163" branch="true" condition-coverage="100% (4/4)" />
                <line number="17" hits="8" branch="false" />
                <line number="18" hits="8" branch="false" />
                <line number="19" hits="8" branch="false" />
                <line number="20" hits="163" branch="false" />
              </lines>
            </method>
            <method name="WrapCoordinate" signature="(...)" line-rate="1" branch-rate="1" complexity="2">
              <lines>
                <line number="23" hits="22" branch="false" />
                <line number="24" hits="22" branch="true" condition-coverage="100% (2/2)" />
                <line number="25" hits="22" branch="false" />
                <line number="26" hits="22" branch="false" />
                <line number="27" hits="22" branch="false" />
              </lines>
            </method>
            <method name="ObstacleDetected" signature="(...)" line-rate="1" branch-rate="1" complexity="2">
              <lines>
                <line number="30" hits="149" branch="false" />
                <line number="31" hits="427" branch="true" condition-coverage="100% (2/2)" />
                <line number="32" hits="149" branch="false" />
              </lines>
            </method>
          </methods>
          <lines>
            <line number="10" hits="163" branch="false" />
            <line number="11" hits="163" branch="true" condition-coverage="100% (4/4)" />
            <line number="12" hits="14" branch="false" />
            <line number="13" hits="14" branch="false" />
            <line number="14" hits="14" branch="false" />
            <line number="16" hits="163" branch="true" condition-coverage="100% (4/4)" />
            <line number="17" hits="8" branch="false" />
            <line number="18" hits="8" branch="false" />
            <line number="19" hits="8" branch="false" />
            <line number="20" hits="163" branch="false" />
            <line number="23" hits="22" branch="false" />
            <line number="24" hits="22" branch="true" condition-coverage="100% (2/2)" />
            <line number="25" hits="22" branch="false" />
            <line number="26" hits="22" branch="false" />
            <line number="27" hits="22" branch="false" />
            <line number="30" hits="149" branch="false" />
            <line number="31" hits="427" branch="true" condition-coverage="100% (2/2)" />
            <line number="32" hits="149" branch="false" />
          </lines>
        </class>
        <class name="PlumGuide.PlutoRover.Web.Services.MoveResult" filename="C:\Users\marios\source\repos\PlumGuide.PlutoRover\src\PlumGuide.PlutoRover\Models\MoveResult.cs" line-rate="0.9090909090909091" branch-rate="1" complexity="6">
          <methods>
            <method name="get_Succeeded" signature="()" line-rate="1" branch-rate="1" complexity="1">
              <lines>
                <line number="9" hits="72" branch="false" />
              </lines>
            </method>
            <method name="get_Errors" signature="()" line-rate="1" branch-rate="1" complexity="1">
              <lines>
                <line number="10" hits="72" branch="false" />
              </lines>
            </method>
            <method name="get_RoverPosition" signature="()" line-rate="1" branch-rate="1" complexity="1">
              <lines>
                <line number="11" hits="144" branch="false" />
              </lines>
            </method>
            <method name="Success" signature="(...)" line-rate="1" branch-rate="1" complexity="1">
              <lines>
                <line number="20" hits="72" branch="false" />
              </lines>
            </method>
            <method name="Failure" signature="(...)" line-rate="0" branch-rate="1" complexity="1">
              <lines>
                <line number="21" hits="0" branch="false" />
              </lines>
            </method>
            <method name=".ctor" signature="(...)" line-rate="1" branch-rate="1" complexity="1">
              <lines>
                <line number="13" hits="72" branch="false" />
                <line number="14" hits="72" branch="false" />
                <line number="15" hits="72" branch="false" />
                <line number="16" hits="72" branch="false" />
                <line number="17" hits="72" branch="false" />
                <line number="18" hits="72" branch="false" />
              </lines>
            </method>
          </methods>
          <lines>
            <line number="9" hits="72" branch="false" />
            <line number="10" hits="72" branch="false" />
            <line number="11" hits="144" branch="false" />
            <line number="13" hits="72" branch="false" />
            <line number="14" hits="72" branch="false" />
            <line number="15" hits="72" branch="false" />
            <line number="16" hits="72" branch="false" />
            <line number="17" hits="72" branch="false" />
            <line number="18" hits="72" branch="false" />
            <line number="20" hits="72" branch="false" />
            <line number="21" hits="0" branch="false" />
          </lines>
        </class>
        <class name="PlumGuide.PlutoRover.Web.Services.NavigateService" filename="C:\Users\marios\source\repos\PlumGuide.PlutoRover\src\PlumGuide.PlutoRover\Services\NavigateService.cs" line-rate="0.7846153846153846" branch-rate="0.7" complexity="40">
          <methods>
            <method name="Move" signature="(...)" line-rate="0.8636363636363636" branch-rate="0.9285714285714286" complexity="14">
              <lines>
                <line number="20" hits="49" branch="false" />
                <line number="21" hits="49" branch="false" />
                <line number="22" hits="414" branch="true" condition-coverage="100% (2/2)" />
                <line number="23" hits="149" branch="false" />
                <line number="24" hits="149" branch="false" />
                <line number="25" hits="149" branch="true" condition-coverage="90% (9/10)" />
                <line number="28" hits="46" branch="false" />
                <line number="29" hits="46" branch="false" />
                <line number="31" hits="0" branch="false" />
                <line number="32" hits="0" branch="false" />
                <line number="34" hits="48" branch="false" />
                <line number="35" hits="48" branch="false" />
                <line number="37" hits="55" branch="false" />
                <line number="38" hits="55" branch="false" />
                <line number="40" hits="0" branch="false" />
                <line number="43" hits="149" branch="false" />
                <line number="45" hits="149" branch="true" condition-coverage="100% (2/2)" />
                <line number="46" hits="4" branch="false" />
                <line number="48" hits="145" branch="false" />
                <line number="49" hits="145" branch="false" />
                <line number="51" hits="36" branch="false" />
                <line number="52" hits="36" branch="false" />
              </lines>
            </method>
            <method name="ValidateCommand" signature="(...)" line-rate="1" branch-rate="1" complexity="2">
              <lines>
                <line number="57" hits="49" branch="false" />
                <line number="58" hits="49" branch="false" />
                <line number="59" hits="49" branch="true" condition-coverage="100% (2/2)" />
                <line number="60" hits="9" branch="false" />
                <line number="61" hits="9" branch="false" />
                <line number="63" hits="40" branch="false" />
              </lines>
            </method>
            <method name="MoveForwards" signature="(...)" line-rate="0.9" branch-rate="0.875" complexity="8">
              <lines>
                <line number="66" hits="46" branch="false" />
                <line number="67" hits="46" branch="true" condition-coverage="100% (2/2)" />
                <line number="68" hits="26" branch="false" />
                <line number="69" hits="46" branch="true" condition-coverage="100% (2/2)" />
                <line number="70" hits="16" branch="false" />
                <line number="71" hits="46" branch="true" condition-coverage="50% (1/2)" />
                <line number="72" hits="0" branch="false" />
                <line number="73" hits="46" branch="true" condition-coverage="100% (2/2)" />
                <line number="74" hits="4" branch="false" />
                <line number="75" hits="46" branch="false" />
              </lines>
            </method>
            <method name="MoveBackwards" signature="(...)" line-rate="0" branch-rate="0" complexity="8">
              <lines>
                <line number="78" hits="0" branch="false" />
                <line number="79" hits="0" branch="true" condition-coverage="0% (0/2)" />
                <line number="80" hits="0" branch="false" />
                <line number="81" hits="0" branch="true" condition-coverage="0% (0/2)" />
                <line number="82" hits="0" branch="false" />
                <line number="83" hits="0" branch="true" condition-coverage="0% (0/2)" />
                <line number="84" hits="0" branch="false" />
                <line number="85" hits="0" branch="true" condition-coverage="0% (0/2)" />
                <line number="86" hits="0" branch="false" />
                <line number="87" hits="0" branch="false" />
              </lines>
            </method>
            <method name="TurnRight" signature="(...)" line-rate="1" branch-rate="1" complexity="2">
              <lines>
                <line number="90" hits="55" branch="false" />
                <line number="91" hits="55" branch="true" condition-coverage="100% (2/2)" />
                <line number="92" hits="55" branch="false" />
                <line number="93" hits="55" branch="false" />
                <line number="94" hits="55" branch="false" />
                <line number="95" hits="55" branch="false" />
              </lines>
            </method>
            <method name="TurnLeft" signature="(...)" line-rate="1" branch-rate="1" complexity="2">
              <lines>
                <line number="98" hits="48" branch="false" />
                <line number="99" hits="48" branch="true" condition-coverage="100% (2/2)" />
                <line number="100" hits="48" branch="false" />
                <line number="101" hits="48" branch="false" />
                <line number="102" hits="48" branch="false" />
                <line number="103" hits="48" branch="false" />
              </lines>
            </method>
            <method name=".ctor" signature="(...)" line-rate="1" branch-rate="0.5" complexity="4">
              <lines>
                <line number="14" hits="49" branch="false" />
                <line number="15" hits="49" branch="false" />
                <line number="16" hits="49" branch="true" condition-coverage="50% (1/2)" />
                <line number="17" hits="49" branch="true" condition-coverage="50% (1/2)" />
                <line number="18" hits="49" branch="false" />
              </lines>
            </method>
          </methods>
          <lines>
            <line number="14" hits="49" branch="false" />
            <line number="15" hits="49" branch="false" />
            <line number="16" hits="49" branch="true" condition-coverage="50% (1/2)" />
            <line number="17" hits="49" branch="true" condition-coverage="50% (1/2)" />
            <line number="18" hits="49" branch="false" />
            <line number="20" hits="49" branch="false" />
            <line number="21" hits="49" branch="false" />
            <line number="22" hits="414" branch="true" condition-coverage="100% (2/2)" />
            <line number="23" hits="149" branch="false" />
            <line number="24" hits="149" branch="false" />
            <line number="25" hits="149" branch="true" condition-coverage="90% (9/10)" />
            <line number="28" hits="46" branch="false" />
            <line number="29" hits="46" branch="false" />
            <line number="31" hits="0" branch="false" />
            <line number="32" hits="0" branch="false" />
            <line number="34" hits="48" branch="false" />
            <line number="35" hits="48" branch="false" />
            <line number="37" hits="55" branch="false" />
            <line number="38" hits="55" branch="false" />
            <line number="40" hits="0" branch="false" />
            <line number="43" hits="149" branch="false" />
            <line number="45" hits="149" branch="true" condition-coverage="100% (2/2)" />
            <line number="46" hits="4" branch="false" />
            <line number="48" hits="145" branch="false" />
            <line number="49" hits="145" branch="false" />
            <line number="51" hits="36" branch="false" />
            <line number="52" hits="36" branch="false" />
            <line number="57" hits="49" branch="false" />
            <line number="58" hits="49" branch="false" />
            <line number="59" hits="49" branch="true" condition-coverage="100% (2/2)" />
            <line number="60" hits="9" branch="false" />
            <line number="61" hits="9" branch="false" />
            <line number="63" hits="40" branch="false" />
            <line number="66" hits="46" branch="false" />
            <line number="67" hits="46" branch="true" condition-coverage="100% (2/2)" />
            <line number="68" hits="26" branch="false" />
            <line number="69" hits="46" branch="true" condition-coverage="100% (2/2)" />
            <line number="70" hits="16" branch="false" />
            <line number="71" hits="46" branch="true" condition-coverage="50% (1/2)" />
            <line number="72" hits="0" branch="false" />
            <line number="73" hits="46" branch="true" condition-coverage="100% (2/2)" />
            <line number="74" hits="4" branch="false" />
            <line number="75" hits="46" branch="false" />
            <line number="78" hits="0" branch="false" />
            <line number="79" hits="0" branch="true" condition-coverage="0% (0/2)" />
            <line number="80" hits="0" branch="false" />
            <line number="81" hits="0" branch="true" condition-coverage="0% (0/2)" />
            <line number="82" hits="0" branch="false" />
            <line number="83" hits="0" branch="true" condition-coverage="0% (0/2)" />
            <line number="84" hits="0" branch="false" />
            <line number="85" hits="0" branch="true" condition-coverage="0% (0/2)" />
            <line number="86" hits="0" branch="false" />
            <line number="87" hits="0" branch="false" />
            <line number="90" hits="55" branch="false" />
            <line number="91" hits="55" branch="true" condition-coverage="100% (2/2)" />
            <line number="92" hits="55" branch="false" />
            <line number="93" hits="55" branch="false" />
            <line number="94" hits="55" branch="false" />
            <line number="95" hits="55" branch="false" />
            <line number="98" hits="48" branch="false" />
            <line number="99" hits="48" branch="true" condition-coverage="100% (2/2)" />
            <line number="100" hits="48" branch="false" />
            <line number="101" hits="48" branch="false" />
            <line number="102" hits="48" branch="false" />
            <line number="103" hits="48" branch="false" />
          </lines>
        </class>
        <class name="PlumGuide.PlutoRover.Web.Services.NavigationCommand" filename="C:\Users\marios\source\repos\PlumGuide.PlutoRover\src\PlumGuide.PlutoRover\Models\NavigationCommand.cs" line-rate="1" branch-rate="1" complexity="1">
          <methods>
            <method name="get_Command" signature="()" line-rate="1" branch-rate="1" complexity="1">
              <lines>
                <line number="10" hits="138" branch="false" />
              </lines>
            </method>
          </methods>
          <lines>
            <line number="10" hits="138" branch="false" />
          </lines>
        </class>
      </classes>
    </package>
  </packages>
</coverage>