<?xml version="1.0" encoding="utf-8"?>
<!DOCTYPE coverage SYSTEM "http://cobertura.sourceforge.net/xml/coverage-04.dtd">
<coverage line-rate="0.5638297872340425" branch-rate="0.6086956521739131" lines-covered="106" lines-valid="188" branches-covered="28" branches-valid="46" complexity="72" version="0" timestamp="1616971279">
  <sources>
    <source>C:\Users\marios\</source>
  </sources>
  <packages>
    <package name="PlumbGuide.PlutoRover.Tests" line-rate="0.975609756097561" branch-rate="1" complexity="6">
      <classes>
        <class name="AutoGeneratedProgram" filename="C:\Users\marios\.nuget\packages\microsoft.net.test.sdk\16.7.1\build\netcoreapp2.1\Microsoft.NET.Test.Sdk.Program.cs" line-rate="0" branch-rate="1" complexity="1">
          <methods>
            <method name="Main" signature="(...)" line-rate="0" branch-rate="1" complexity="1">
              <lines>
                <line number="4" hits="0" branch="false" />
              </lines>
            </method>
          </methods>
          <lines>
            <line number="4" hits="0" branch="false" />
          </lines>
        </class>
        <class name="PlumbGuide.PlutoRover.Tests.NavigateServiceTests" filename="C:\Users\marios\source\repos\PlumGuide.PlutoRover\src\PlumbGuide.PlutoRover.Tests\NavigateServiceTests.cs" line-rate="1" branch-rate="1" complexity="5">
          <methods>
            <method name="OnTurningDirection_RoverTurnsToTheExpectedCompassDirection" signature="(...)" line-rate="1" branch-rate="1" complexity="1">
              <lines>
                <line number="59" hits="32" branch="false" />
                <line number="61" hits="32" branch="false" />
                <line number="62" hits="32" branch="false" />
                <line number="65" hits="32" branch="false" />
                <line number="66" hits="32" branch="false" />
                <line number="69" hits="32" branch="false" />
                <line number="70" hits="32" branch="false" />
                <line number="71" hits="32" branch="false" />
              </lines>
            </method>
            <method name="OnReceivingValidCommands_RoverShouldEndUpFacingInTheRightDirectionWithTheExpectedCartesianCoordinates" signature="(...)" line-rate="1" branch-rate="1" complexity="1">
              <lines>
                <line number="79" hits="4" branch="false" />
                <line number="81" hits="4" branch="false" />
                <line number="82" hits="4" branch="false" />
                <line number="85" hits="4" branch="false" />
                <line number="86" hits="4" branch="false" />
                <line number="89" hits="4" branch="false" />
                <line number="90" hits="4" branch="false" />
                <line number="91" hits="4" branch="false" />
                <line number="92" hits="4" branch="false" />
                <line number="93" hits="4" branch="false" />
              </lines>
            </method>
            <method name="OnReceivingInvalidCommands_RoverShouldThrowException" signature="(...)" line-rate="1" branch-rate="1" complexity="1">
              <lines>
                <line number="106" hits="9" branch="false" />
                <line number="108" hits="9" branch="false" />
                <line number="109" hits="9" branch="false" />
                <line number="112" hits="9" branch="false" />
                <line number="113" hits="18" branch="false" />
                <line number="116" hits="9" branch="false" />
                <line number="117" hits="9" branch="false" />
                <line number="118" hits="9" branch="false" />
                <line number="119" hits="9" branch="false" />
              </lines>
            </method>
            <method name="InitialiseRoverLandingVariables" signature="(...)" line-rate="1" branch-rate="1" complexity="2">
              <lines>
                <line number="122" hits="45" branch="false" />
                <line number="123" hits="45" branch="true" condition-coverage="100% (2/2)" />
                <line number="124" hits="45" branch="false" />
                <line number="125" hits="45" branch="false" />
                <line number="126" hits="45" branch="false" />
                <line number="128" hits="45" branch="false" />
                <line number="130" hits="45" branch="false" />
                <line number="131" hits="45" branch="false" />
                <line number="132" hits="45" branch="false" />
                <line number="133" hits="45" branch="false" />
                <line number="134" hits="45" branch="false" />
                <line number="135" hits="45" branch="false" />
                <line number="136" hits="45" branch="false" />
              </lines>
            </method>
          </methods>
          <lines>
            <line number="59" hits="32" branch="false" />
            <line number="61" hits="32" branch="false" />
            <line number="62" hits="32" branch="false" />
            <line number="65" hits="32" branch="false" />
            <line number="66" hits="32" branch="false" />
            <line number="69" hits="32" branch="false" />
            <line number="70" hits="32" branch="false" />
            <line number="71" hits="32" branch="false" />
            <line number="79" hits="4" branch="false" />
            <line number="81" hits="4" branch="false" />
            <line number="82" hits="4" branch="false" />
            <line number="85" hits="4" branch="false" />
            <line number="86" hits="4" branch="false" />
            <line number="89" hits="4" branch="false" />
            <line number="90" hits="4" branch="false" />
            <line number="91" hits="4" branch="false" />
            <line number="92" hits="4" branch="false" />
            <line number="93" hits="4" branch="false" />
            <line number="106" hits="9" branch="false" />
            <line number="108" hits="9" branch="false" />
            <line number="109" hits="9" branch="false" />
            <line number="112" hits="9" branch="false" />
            <line number="113" hits="18" branch="false" />
            <line number="116" hits="9" branch="false" />
            <line number="117" hits="9" branch="false" />
            <line number="118" hits="9" branch="false" />
            <line number="119" hits="9" branch="false" />
            <line number="122" hits="45" branch="false" />
            <line number="123" hits="45" branch="true" condition-coverage="100% (2/2)" />
            <line number="124" hits="45" branch="false" />
            <line number="125" hits="45" branch="false" />
            <line number="126" hits="45" branch="false" />
            <line number="128" hits="45" branch="false" />
            <line number="130" hits="45" branch="false" />
            <line number="131" hits="45" branch="false" />
            <line number="132" hits="45" branch="false" />
            <line number="133" hits="45" branch="false" />
            <line number="134" hits="45" branch="false" />
            <line number="135" hits="45" branch="false" />
            <line number="136" hits="45" branch="false" />
          </lines>
        </class>
      </classes>
    </package>
    <package name="PlumGuide.PlutoRover.Web" line-rate="0.4489795918367347" branch-rate="0.5909090909090909" complexity="66">
      <classes>
        <class name="PlumGuide.PlutoRover.Program" filename="C:\Users\marios\source\repos\PlumGuide.PlutoRover\src\PlumGuide.PlutoRover\Program.cs" line-rate="0" branch-rate="1" complexity="2">
          <methods>
            <method name="Main" signature="(...)" line-rate="0" branch-rate="1" complexity="1">
              <lines>
                <line number="15" hits="0" branch="false" />
                <line number="16" hits="0" branch="false" />
                <line number="17" hits="0" branch="false" />
              </lines>
            </method>
            <method name="CreateHostBuilder" signature="(...)" line-rate="0" branch-rate="1" complexity="1">
              <lines>
                <line number="20" hits="0" branch="false" />
                <line number="21" hits="0" branch="false" />
                <line number="22" hits="0" branch="false" />
                <line number="23" hits="0" branch="false" />
                <line number="24" hits="0" branch="false" />
              </lines>
            </method>
          </methods>
          <lines>
            <line number="15" hits="0" branch="false" />
            <line number="16" hits="0" branch="false" />
            <line number="17" hits="0" branch="false" />
            <line number="20" hits="0" branch="false" />
            <line number="21" hits="0" branch="false" />
            <line number="22" hits="0" branch="false" />
            <line number="23" hits="0" branch="false" />
            <line number="24" hits="0" branch="false" />
          </lines>
        </class>
        <class name="PlumGuide.PlutoRover.Startup" filename="C:\Users\marios\source\repos\PlumGuide.PlutoRover\src\PlumGuide.PlutoRover\Startup.cs" line-rate="0" branch-rate="0" complexity="5">
          <methods>
            <method name="get_Configuration" signature="()" line-rate="0" branch-rate="1" complexity="1">
              <lines>
                <line number="21" hits="0" branch="false" />
              </lines>
            </method>
            <method name="ConfigureServices" signature="(...)" line-rate="0" branch-rate="1" complexity="1">
              <lines>
                <line number="25" hits="0" branch="false" />
                <line number="27" hits="0" branch="false" />
                <line number="28" hits="0" branch="false" />
                <line number="29" hits="0" branch="false" />
                <line number="30" hits="0" branch="false" />
                <line number="31" hits="0" branch="false" />
                <line number="33" hits="0" branch="false" />
                <line number="34" hits="0" branch="false" />
                <line number="35" hits="0" branch="false" />
                <line number="36" hits="0" branch="false" />
                <line number="38" hits="0" branch="false" />
                <line number="39" hits="0" branch="false" />
                <line number="40" hits="0" branch="false" />
                <line number="41" hits="0" branch="false" />
                <line number="42" hits="0" branch="false" />
                <line number="43" hits="0" branch="false" />
                <line number="45" hits="0" branch="false" />
                <line number="46" hits="0" branch="false" />
                <line number="47" hits="0" branch="false" />
              </lines>
            </method>
            <method name="Configure" signature="(...)" line-rate="0" branch-rate="0" complexity="2">
              <lines>
                <line number="51" hits="0" branch="false" />
                <line number="52" hits="0" branch="true" condition-coverage="0% (0/2)" />
                <line number="53" hits="0" branch="false" />
                <line number="54" hits="0" branch="false" />
                <line number="55" hits="0" branch="false" />
                <line number="56" hits="0" branch="false" />
                <line number="57" hits="0" branch="false" />
                <line number="59" hits="0" branch="false" />
                <line number="61" hits="0" branch="false" />
                <line number="63" hits="0" branch="false" />
                <line number="65" hits="0" branch="false" />
                <line number="66" hits="0" branch="false" />
                <line number="67" hits="0" branch="false" />
                <line number="68" hits="0" branch="false" />
                <line number="69" hits="0" branch="false" />
              </lines>
            </method>
            <method name=".ctor" signature="(...)" line-rate="0" branch-rate="1" complexity="1">
              <lines>
                <line number="16" hits="0" branch="false" />
                <line number="17" hits="0" branch="false" />
                <line number="18" hits="0" branch="false" />
                <line number="19" hits="0" branch="false" />
              </lines>
            </method>
          </methods>
          <lines>
            <line number="16" hits="0" branch="false" />
            <line number="17" hits="0" branch="false" />
            <line number="18" hits="0" branch="false" />
            <line number="19" hits="0" branch="false" />
            <line number="21" hits="0" branch="false" />
            <line number="25" hits="0" branch="false" />
            <line number="27" hits="0" branch="false" />
            <line number="28" hits="0" branch="false" />
            <line number="29" hits="0" branch="false" />
            <line number="30" hits="0" branch="false" />
            <line number="31" hits="0" branch="false" />
            <line number="33" hits="0" branch="false" />
            <line number="34" hits="0" branch="false" />
            <line number="35" hits="0" branch="false" />
            <line number="36" hits="0" branch="false" />
            <line number="38" hits="0" branch="false" />
            <line number="39" hits="0" branch="false" />
            <line number="40" hits="0" branch="false" />
            <line number="41" hits="0" branch="false" />
            <line number="42" hits="0" branch="false" />
            <line number="43" hits="0" branch="false" />
            <line number="45" hits="0" branch="false" />
            <line number="46" hits="0" branch="false" />
            <line number="47" hits="0" branch="false" />
            <line number="51" hits="0" branch="false" />
            <line number="52" hits="0" branch="true" condition-coverage="0% (0/2)" />
            <line number="53" hits="0" branch="false" />
            <line number="54" hits="0" branch="false" />
            <line number="55" hits="0" branch="false" />
            <line number="56" hits="0" branch="false" />
            <line number="57" hits="0" branch="false" />
            <line number="59" hits="0" branch="false" />
            <line number="61" hits="0" branch="false" />
            <line number="63" hits="0" branch="false" />
            <line number="65" hits="0" branch="false" />
            <line number="66" hits="0" branch="false" />
            <line number="67" hits="0" branch="false" />
            <line number="68" hits="0" branch="false" />
            <line number="69" hits="0" branch="false" />
          </lines>
        </class>
        <class name="PlumGuide.PlutoRover.Web.Controllers.HomeController" filename="C:\Users\marios\source\repos\PlumGuide.PlutoRover\src\PlumGuide.PlutoRover\Controllers\HomeController.cs" line-rate="0" branch-rate="0" complexity="4">
          <methods>
            <method name="Index" signature="(...)" line-rate="0" branch-rate="0" complexity="2">
              <lines>
                <line number="21" hits="0" branch="false" />
                <line number="22" hits="0" branch="false" />
                <line number="23" hits="0" branch="true" condition-coverage="0% (0/2)" />
                <line number="24" hits="0" branch="false" />
                <line number="26" hits="0" branch="false" />
                <line number="27" hits="0" branch="false" />
              </lines>
            </method>
            <method name=".ctor" signature="(...)" line-rate="0" branch-rate="0" complexity="2">
              <lines>
                <line number="14" hits="0" branch="false" />
                <line number="15" hits="0" branch="false" />
                <line number="16" hits="0" branch="true" condition-coverage="0% (0/2)" />
                <line number="17" hits="0" branch="false" />
              </lines>
            </method>
          </methods>
          <lines>
            <line number="14" hits="0" branch="false" />
            <line number="15" hits="0" branch="false" />
            <line number="16" hits="0" branch="true" condition-coverage="0% (0/2)" />
            <line number="17" hits="0" branch="false" />
            <line number="21" hits="0" branch="false" />
            <line number="22" hits="0" branch="false" />
            <line number="23" hits="0" branch="true" condition-coverage="0% (0/2)" />
            <line number="24" hits="0" branch="false" />
            <line number="26" hits="0" branch="false" />
            <line number="27" hits="0" branch="false" />
          </lines>
        </class>
        <class name="PlumGuide.PlutoRover.Web.Exceptions.NavigationException" filename="C:\Users\marios\source\repos\PlumGuide.PlutoRover\src\PlumGuide.PlutoRover\Exceptions\NavigationException.cs" line-rate="0.25" branch-rate="1" complexity="4">
          <methods>
            <method name=".ctor" signature="()" line-rate="0" branch-rate="1" complexity="1">
              <lines>
                <line number="9" hits="0" branch="false" />
                <line number="10" hits="0" branch="false" />
                <line number="11" hits="0" branch="false" />
              </lines>
            </method>
            <method name=".ctor" signature="(...)" line-rate="1" branch-rate="1" complexity="1">
              <lines>
                <line number="13" hits="9" branch="false" />
                <line number="14" hits="9" branch="false" />
                <line number="15" hits="9" branch="false" />
              </lines>
            </method>
            <method name=".ctor" signature="(...)" line-rate="0" branch-rate="1" complexity="1">
              <lines>
                <line number="17" hits="0" branch="false" />
                <line number="18" hits="0" branch="false" />
                <line number="19" hits="0" branch="false" />
              </lines>
            </method>
            <method name=".ctor" signature="(...)" line-rate="0" branch-rate="1" complexity="1">
              <lines>
                <line number="21" hits="0" branch="false" />
                <line number="22" hits="0" branch="false" />
                <line number="23" hits="0" branch="false" />
              </lines>
            </method>
          </methods>
          <lines>
            <line number="9" hits="0" branch="false" />
            <line number="10" hits="0" branch="false" />
            <line number="11" hits="0" branch="false" />
            <line number="13" hits="9" branch="false" />
            <line number="14" hits="9" branch="false" />
            <line number="15" hits="9" branch="false" />
            <line number="17" hits="0" branch="false" />
            <line number="18" hits="0" branch="false" />
            <line number="19" hits="0" branch="false" />
            <line number="21" hits="0" branch="false" />
            <line number="22" hits="0" branch="false" />
            <line number="23" hits="0" branch="false" />
          </lines>
        </class>
        <class name="PlumGuide.PlutoRover.Web.Models.CartesianCoordinates" filename="C:\Users\marios\source\repos\PlumGuide.PlutoRover\src\PlumGuide.PlutoRover\Models\CartesianCoordinates.cs" line-rate="1" branch-rate="1" complexity="2">
          <methods>
            <method name="get_X" signature="()" line-rate="1" branch-rate="1" complexity="1">
              <lines>
                <line number="5" hits="212" branch="false" />
              </lines>
            </method>
            <method name="get_Y" signature="()" line-rate="1" branch-rate="1" complexity="1">
              <lines>
                <line number="6" hits="212" branch="false" />
              </lines>
            </method>
          </methods>
          <lines>
            <line number="5" hits="212" branch="false" />
            <line number="6" hits="212" branch="false" />
          </lines>
        </class>
        <class name="PlumGuide.PlutoRover.Web.Models.Planet" filename="C:\Users\marios\source\repos\PlumGuide.PlutoRover\src\PlumGuide.PlutoRover\Models\Planet.cs" line-rate="1" branch-rate="1" complexity="3">
          <methods>
            <method name="get_Name" signature="()" line-rate="1" branch-rate="1" complexity="1">
              <lines>
                <line number="7" hits="45" branch="false" />
              </lines>
            </method>
            <method name="get_Obstacles" signature="()" line-rate="1" branch-rate="1" complexity="1">
              <lines>
                <line number="8" hits="45" branch="false" />
              </lines>
            </method>
            <method name="get_GridAreaSize" signature="()" line-rate="1" branch-rate="1" complexity="1">
              <lines>
                <line number="9" hits="45" branch="false" />
              </lines>
            </method>
          </methods>
          <lines>
            <line number="7" hits="45" branch="false" />
            <line number="8" hits="45" branch="false" />
            <line number="9" hits="45" branch="false" />
          </lines>
        </class>
        <class name="PlumGuide.PlutoRover.Web.Models.RoverPosition" filename="C:\Users\marios\source\repos\PlumGuide.PlutoRover\src\PlumGuide.PlutoRover\Models\RoverPosition.cs" line-rate="1" branch-rate="1" complexity="1">
          <methods>
            <method name="get_Direction" signature="()" line-rate="1" branch-rate="1" complexity="1">
              <lines>
                <line number="5" hits="472" branch="false" />
              </lines>
            </method>
          </methods>
          <lines>
            <line number="5" hits="472" branch="false" />
          </lines>
        </class>
        <class name="PlumGuide.PlutoRover.Web.Services.MoveResult" filename="C:\Users\marios\source\repos\PlumGuide.PlutoRover\src\PlumGuide.PlutoRover\Models\MoveResult.cs" line-rate="0.9090909090909091" branch-rate="1" complexity="6">
          <methods>
            <method name="get_Succeeded" signature="()" line-rate="1" branch-rate="1" complexity="1">
              <lines>
                <line number="9" hits="72" branch="false" />
              </lines>
            </method>
            <method name="get_Errors" signature="()" line-rate="1" branch-rate="1" complexity="1">
              <lines>
                <line number="10" hits="72" branch="false" />
              </lines>
            </method>
            <method name="get_RoverPosition" signature="()" line-rate="1" branch-rate="1" complexity="1">
              <lines>
                <line number="11" hits="144" branch="false" />
              </lines>
            </method>
            <method name="Success" signature="(...)" line-rate="1" branch-rate="1" complexity="1">
              <lines>
                <line number="20" hits="72" branch="false" />
              </lines>
            </method>
            <method name="Failure" signature="(...)" line-rate="0" branch-rate="1" complexity="1">
              <lines>
                <line number="21" hits="0" branch="false" />
              </lines>
            </method>
            <method name=".ctor" signature="(...)" line-rate="1" branch-rate="1" complexity="1">
              <lines>
                <line number="13" hits="72" branch="false" />
                <line number="14" hits="72" branch="false" />
                <line number="15" hits="72" branch="false" />
                <line number="16" hits="72" branch="false" />
                <line number="17" hits="72" branch="false" />
                <line number="18" hits="72" branch="false" />
              </lines>
            </method>
          </methods>
          <lines>
            <line number="9" hits="72" branch="false" />
            <line number="10" hits="72" branch="false" />
            <line number="11" hits="144" branch="false" />
            <line number="13" hits="72" branch="false" />
            <line number="14" hits="72" branch="false" />
            <line number="15" hits="72" branch="false" />
            <line number="16" hits="72" branch="false" />
            <line number="17" hits="72" branch="false" />
            <line number="18" hits="72" branch="false" />
            <line number="20" hits="72" branch="false" />
            <line number="21" hits="0" branch="false" />
          </lines>
        </class>
        <class name="PlumGuide.PlutoRover.Web.Services.NavigateService" filename="C:\Users\marios\source\repos\PlumGuide.PlutoRover\src\PlumGuide.PlutoRover\Services\NavigateService.cs" line-rate="0.7666666666666667" branch-rate="0.6842105263157895" complexity="38">
          <methods>
            <method name="Move" signature="(...)" line-rate="0.8235294117647058" branch-rate="0.9166666666666666" complexity="12">
              <lines>
                <line number="20" hits="45" branch="false" />
                <line number="21" hits="45" branch="false" />
                <line number="23" hits="366" branch="true" condition-coverage="100% (2/2)" />
                <line number="24" hits="129" branch="false" />
                <line number="25" hits="129" branch="true" condition-coverage="90% (9/10)" />
                <line number="28" hits="28" branch="false" />
                <line number="29" hits="28" branch="false" />
                <line number="31" hits="0" branch="false" />
                <line number="32" hits="0" branch="false" />
                <line number="34" hits="48" branch="false" />
                <line number="35" hits="48" branch="false" />
                <line number="37" hits="53" branch="false" />
                <line number="38" hits="53" branch="false" />
                <line number="40" hits="0" branch="false" />
                <line number="42" hits="129" branch="false" />
                <line number="44" hits="36" branch="false" />
                <line number="45" hits="36" branch="false" />
              </lines>
            </method>
            <method name="ValidateCommand" signature="(...)" line-rate="1" branch-rate="1" complexity="2">
              <lines>
                <line number="50" hits="45" branch="false" />
                <line number="51" hits="45" branch="false" />
                <line number="52" hits="45" branch="true" condition-coverage="100% (2/2)" />
                <line number="53" hits="9" branch="false" />
                <line number="54" hits="9" branch="false" />
                <line number="56" hits="36" branch="false" />
              </lines>
            </method>
            <method name="MoveForwards" signature="()" line-rate="0.9" branch-rate="0.875" complexity="8">
              <lines>
                <line number="59" hits="28" branch="false" />
                <line number="60" hits="28" branch="true" condition-coverage="100% (2/2)" />
                <line number="61" hits="14" branch="false" />
                <line number="62" hits="28" branch="true" condition-coverage="100% (2/2)" />
                <line number="63" hits="10" branch="false" />
                <line number="64" hits="28" branch="true" condition-coverage="50% (1/2)" />
                <line number="65" hits="0" branch="false" />
                <line number="66" hits="28" branch="true" condition-coverage="100% (2/2)" />
                <line number="67" hits="4" branch="false" />
                <line number="68" hits="28" branch="false" />
              </lines>
            </method>
            <method name="MoveBackwards" signature="()" line-rate="0" branch-rate="0" complexity="8">
              <lines>
                <line number="71" hits="0" branch="false" />
                <line number="72" hits="0" branch="true" condition-coverage="0% (0/2)" />
                <line number="73" hits="0" branch="false" />
                <line number="74" hits="0" branch="true" condition-coverage="0% (0/2)" />
                <line number="75" hits="0" branch="false" />
                <line number="76" hits="0" branch="true" condition-coverage="0% (0/2)" />
                <line number="77" hits="0" branch="false" />
                <line number="78" hits="0" branch="true" condition-coverage="0% (0/2)" />
                <line number="79" hits="0" branch="false" />
                <line number="80" hits="0" branch="false" />
              </lines>
            </method>
            <method name="TurnRight" signature="()" line-rate="1" branch-rate="1" complexity="2">
              <lines>
                <line number="83" hits="53" branch="false" />
                <line number="84" hits="53" branch="true" condition-coverage="100% (2/2)" />
                <line number="85" hits="53" branch="false" />
                <line number="86" hits="53" branch="false" />
                <line number="87" hits="53" branch="false" />
                <line number="88" hits="53" branch="false" />
              </lines>
            </method>
            <method name="TurnLeft" signature="()" line-rate="1" branch-rate="1" complexity="2">
              <lines>
                <line number="91" hits="48" branch="false" />
                <line number="92" hits="48" branch="true" condition-coverage="100% (2/2)" />
                <line number="93" hits="48" branch="false" />
                <line number="94" hits="48" branch="false" />
                <line number="95" hits="48" branch="false" />
                <line number="96" hits="48" branch="false" />
              </lines>
            </method>
            <method name=".ctor" signature="(...)" line-rate="1" branch-rate="0.5" complexity="4">
              <lines>
                <line number="14" hits="45" branch="false" />
                <line number="15" hits="45" branch="false" />
                <line number="16" hits="45" branch="true" condition-coverage="50% (1/2)" />
                <line number="17" hits="45" branch="true" condition-coverage="50% (1/2)" />
                <line number="18" hits="45" branch="false" />
              </lines>
            </method>
          </methods>
          <lines>
            <line number="14" hits="45" branch="false" />
            <line number="15" hits="45" branch="false" />
            <line number="16" hits="45" branch="true" condition-coverage="50% (1/2)" />
            <line number="17" hits="45" branch="true" condition-coverage="50% (1/2)" />
            <line number="18" hits="45" branch="false" />
            <line number="20" hits="45" branch="false" />
            <line number="21" hits="45" branch="false" />
            <line number="23" hits="366" branch="true" condition-coverage="100% (2/2)" />
            <line number="24" hits="129" branch="false" />
            <line number="25" hits="129" branch="true" condition-coverage="90% (9/10)" />
            <line number="28" hits="28" branch="false" />
            <line number="29" hits="28" branch="false" />
            <line number="31" hits="0" branch="false" />
            <line number="32" hits="0" branch="false" />
            <line number="34" hits="48" branch="false" />
            <line number="35" hits="48" branch="false" />
            <line number="37" hits="53" branch="false" />
            <line number="38" hits="53" branch="false" />
            <line number="40" hits="0" branch="false" />
            <line number="42" hits="129" branch="false" />
            <line number="44" hits="36" branch="false" />
            <line number="45" hits="36" branch="false" />
            <line number="50" hits="45" branch="false" />
            <line number="51" hits="45" branch="false" />
            <line number="52" hits="45" branch="true" condition-coverage="100% (2/2)" />
            <line number="53" hits="9" branch="false" />
            <line number="54" hits="9" branch="false" />
            <line number="56" hits="36" branch="false" />
            <line number="59" hits="28" branch="false" />
            <line number="60" hits="28" branch="true" condition-coverage="100% (2/2)" />
            <line number="61" hits="14" branch="false" />
            <line number="62" hits="28" branch="true" condition-coverage="100% (2/2)" />
            <line number="63" hits="10" branch="false" />
            <line number="64" hits="28" branch="true" condition-coverage="50% (1/2)" />
            <line number="65" hits="0" branch="false" />
            <line number="66" hits="28" branch="true" condition-coverage="100% (2/2)" />
            <line number="67" hits="4" branch="false" />
            <line number="68" hits="28" branch="false" />
            <line number="71" hits="0" branch="false" />
            <line number="72" hits="0" branch="true" condition-coverage="0% (0/2)" />
            <line number="73" hits="0" branch="false" />
            <line number="74" hits="0" branch="true" condition-coverage="0% (0/2)" />
            <line number="75" hits="0" branch="false" />
            <line number="76" hits="0" branch="true" condition-coverage="0% (0/2)" />
            <line number="77" hits="0" branch="false" />
            <line number="78" hits="0" branch="true" condition-coverage="0% (0/2)" />
            <line number="79" hits="0" branch="false" />
            <line number="80" hits="0" branch="false" />
            <line number="83" hits="53" branch="false" />
            <line number="84" hits="53" branch="true" condition-coverage="100% (2/2)" />
            <line number="85" hits="53" branch="false" />
            <line number="86" hits="53" branch="false" />
            <line number="87" hits="53" branch="false" />
            <line number="88" hits="53" branch="false" />
            <line number="91" hits="48" branch="false" />
            <line number="92" hits="48" branch="true" condition-coverage="100% (2/2)" />
            <line number="93" hits="48" branch="false" />
            <line number="94" hits="48" branch="false" />
            <line number="95" hits="48" branch="false" />
            <line number="96" hits="48" branch="false" />
          </lines>
        </class>
        <class name="PlumGuide.PlutoRover.Web.Services.NavigationCommand" filename="C:\Users\marios\source\repos\PlumGuide.PlutoRover\src\PlumGuide.PlutoRover\Models\NavigationCommand.cs" line-rate="1" branch-rate="1" complexity="1">
          <methods>
            <method name="get_Command" signature="()" line-rate="1" branch-rate="1" complexity="1">
              <lines>
                <line number="10" hits="126" branch="false" />
              </lines>
            </method>
          </methods>
          <lines>
            <line number="10" hits="126" branch="false" />
          </lines>
        </class>
      </classes>
    </package>
  </packages>
</coverage>