<?xml version="1.0" encoding="utf-8"?>
<coverage line-rate="0.6574" branch-rate="0.7" version="1.9" timestamp="1616976410" lines-covered="167" lines-valid="254" branches-covered="42" branches-valid="60">
  <sources>
    <source>C:\Users\marios\</source>
  </sources>
  <packages>
    <package name="PlumbGuide.PlutoRover.Tests" line-rate="0.9841" branch-rate="1" complexity="8">
      <classes>
        <class name="AutoGeneratedProgram" filename=".nuget\packages\microsoft.net.test.sdk\16.7.1\build\netcoreapp2.1\Microsoft.NET.Test.Sdk.Program.cs" line-rate="0" branch-rate="1" complexity="1">
          <methods>
            <method name="Main" signature="(System.String[])" line-rate="0" branch-rate="1" complexity="1">
              <lines>
                <line number="4" hits="0" branch="False" />
              </lines>
            </method>
          </methods>
          <lines>
            <line number="4" hits="0" branch="False" />
          </lines>
        </class>
        <class name="PlumbGuide.PlutoRover.Tests.GuardTests" filename="source\repos\PlumGuide.PlutoRover\src\PlumbGuide.PlutoRover.Tests\GuardTests.cs" line-rate="1" branch-rate="1" complexity="1">
          <methods>
            <method name="OnNavigatingOutOfBoundaries_WrappingWorksAsExpected" signature="(System.Int32,System.Int32,System.Int32,System.Int32)" line-rate="1" branch-rate="1" complexity="1">
              <lines>
                <line number="30" hits="14" branch="False" />
                <line number="32" hits="14" branch="False" />
                <line number="33" hits="14" branch="False" />
                <line number="34" hits="14" branch="False" />
                <line number="35" hits="14" branch="False" />
                <line number="36" hits="14" branch="False" />
                <line number="37" hits="14" branch="False" />
                <line number="39" hits="14" branch="False" />
                <line number="42" hits="14" branch="False" />
                <line number="45" hits="14" branch="False" />
                <line number="46" hits="14" branch="False" />
                <line number="47" hits="14" branch="False" />
              </lines>
            </method>
          </methods>
          <lines>
            <line number="30" hits="14" branch="False" />
            <line number="32" hits="14" branch="False" />
            <line number="33" hits="14" branch="False" />
            <line number="34" hits="14" branch="False" />
            <line number="35" hits="14" branch="False" />
            <line number="36" hits="14" branch="False" />
            <line number="37" hits="14" branch="False" />
            <line number="39" hits="14" branch="False" />
            <line number="42" hits="14" branch="False" />
            <line number="45" hits="14" branch="False" />
            <line number="46" hits="14" branch="False" />
            <line number="47" hits="14" branch="False" />
          </lines>
        </class>
        <class name="PlumbGuide.PlutoRover.Tests.NavigateServiceTests" filename="source\repos\PlumGuide.PlutoRover\src\PlumbGuide.PlutoRover.Tests\NavigateServiceTests.cs" line-rate="1" branch-rate="1" complexity="6">
          <methods>
            <method name="OnTurningDirection_RoverTurnsToTheExpectedCompassDirection" signature="(System.String,PlumGuide.PlutoRover.Web.Models.CompassDirections,PlumGuide.PlutoRover.Web.Models.CompassDirections)" line-rate="1" branch-rate="1" complexity="1">
              <lines>
                <line number="59" hits="32" branch="False" />
                <line number="61" hits="32" branch="False" />
                <line number="62" hits="32" branch="False" />
                <line number="65" hits="32" branch="False" />
                <line number="66" hits="32" branch="False" />
                <line number="69" hits="32" branch="False" />
                <line number="70" hits="32" branch="False" />
                <line number="71" hits="32" branch="False" />
              </lines>
            </method>
            <method name="OnReceivingValidCommands_RoverShouldEndUpFacingInTheRightDirectionWithTheExpectedCartesianCoordinates" signature="(System.String,PlumGuide.PlutoRover.Web.Models.CompassDirections,System.Int32,System.Int32,PlumGuide.PlutoRover.Web.Models.CompassDirections)" line-rate="1" branch-rate="1" complexity="1">
              <lines>
                <line number="79" hits="4" branch="False" />
                <line number="81" hits="4" branch="False" />
                <line number="82" hits="4" branch="False" />
                <line number="85" hits="4" branch="False" />
                <line number="86" hits="4" branch="False" />
                <line number="89" hits="4" branch="False" />
                <line number="90" hits="4" branch="False" />
                <line number="91" hits="4" branch="False" />
                <line number="92" hits="4" branch="False" />
                <line number="93" hits="4" branch="False" />
              </lines>
            </method>
            <method name="OnReceivingInvalidCommands_RoverShouldThrowException" signature="(System.String)" line-rate="1" branch-rate="1" complexity="1">
              <lines>
                <line number="106" hits="9" branch="False" />
                <line number="108" hits="9" branch="False" />
                <line number="109" hits="9" branch="False" />
                <line number="112" hits="9" branch="False" />
                <line number="113" hits="18" branch="False" />
                <line number="116" hits="9" branch="False" />
                <line number="117" hits="9" branch="False" />
                <line number="118" hits="9" branch="False" />
                <line number="119" hits="9" branch="False" />
              </lines>
            </method>
            <method name="OnOnstacleDetection_RoverThrowsAndReportsObstacleCoordinates" signature="(System.String,System.Int32,System.Int32,System.Int32,System.Int32)" line-rate="1" branch-rate="1" complexity="1">
              <lines>
                <line number="127" hits="4" branch="False" />
                <line number="129" hits="4" branch="False" />
                <line number="130" hits="4" branch="False" />
                <line number="133" hits="4" branch="False" />
                <line number="134" hits="4" branch="False" />
                <line number="137" hits="4" branch="False" />
                <line number="138" hits="4" branch="False" />
                <line number="139" hits="4" branch="False" />
                <line number="140" hits="4" branch="False" />
                <line number="141" hits="4" branch="False" />
              </lines>
            </method>
            <method name="InitialiseRoverLandingVariables" signature="(System.Collections.Generic.List`1&lt;PlumGuide.PlutoRover.Web.Models.Obstacle&gt;,System.Nullable`1&lt;PlumGuide.PlutoRover.Web.Models.CompassDirections&gt;)" line-rate="1" branch-rate="1" complexity="2">
              <lines>
                <line number="144" hits="49" branch="False" />
                <line number="145" hits="49" branch="True" condition-coverage="100% (2/2)">
                  <conditions>
                    <condition number="4" type="jump" coverage="100%" />
                  </conditions>
                </line>
                <line number="146" hits="49" branch="False" />
                <line number="147" hits="49" branch="False" />
                <line number="148" hits="49" branch="False" />
                <line number="150" hits="49" branch="False" />
                <line number="152" hits="49" branch="False" />
                <line number="153" hits="49" branch="False" />
                <line number="154" hits="49" branch="False" />
                <line number="155" hits="49" branch="False" />
                <line number="156" hits="49" branch="False" />
                <line number="157" hits="49" branch="False" />
                <line number="158" hits="49" branch="False" />
              </lines>
            </method>
          </methods>
          <lines>
            <line number="59" hits="32" branch="False" />
            <line number="61" hits="32" branch="False" />
            <line number="62" hits="32" branch="False" />
            <line number="65" hits="32" branch="False" />
            <line number="66" hits="32" branch="False" />
            <line number="69" hits="32" branch="False" />
            <line number="70" hits="32" branch="False" />
            <line number="71" hits="32" branch="False" />
            <line number="79" hits="4" branch="False" />
            <line number="81" hits="4" branch="False" />
            <line number="82" hits="4" branch="False" />
            <line number="85" hits="4" branch="False" />
            <line number="86" hits="4" branch="False" />
            <line number="89" hits="4" branch="False" />
            <line number="90" hits="4" branch="False" />
            <line number="91" hits="4" branch="False" />
            <line number="92" hits="4" branch="False" />
            <line number="93" hits="4" branch="False" />
            <line number="106" hits="9" branch="False" />
            <line number="108" hits="9" branch="False" />
            <line number="109" hits="9" branch="False" />
            <line number="112" hits="9" branch="False" />
            <line number="113" hits="18" branch="False" />
            <line number="116" hits="9" branch="False" />
            <line number="117" hits="9" branch="False" />
            <line number="118" hits="9" branch="False" />
            <line number="119" hits="9" branch="False" />
            <line number="127" hits="4" branch="False" />
            <line number="129" hits="4" branch="False" />
            <line number="130" hits="4" branch="False" />
            <line number="133" hits="4" branch="False" />
            <line number="134" hits="4" branch="False" />
            <line number="137" hits="4" branch="False" />
            <line number="138" hits="4" branch="False" />
            <line number="139" hits="4" branch="False" />
            <line number="140" hits="4" branch="False" />
            <line number="141" hits="4" branch="False" />
            <line number="144" hits="49" branch="False" />
            <line number="145" hits="49" branch="True" condition-coverage="100% (2/2)">
              <conditions>
                <condition number="4" type="jump" coverage="100%" />
              </conditions>
            </line>
            <line number="146" hits="49" branch="False" />
            <line number="147" hits="49" branch="False" />
            <line number="148" hits="49" branch="False" />
            <line number="150" hits="49" branch="False" />
            <line number="152" hits="49" branch="False" />
            <line number="153" hits="49" branch="False" />
            <line number="154" hits="49" branch="False" />
            <line number="155" hits="49" branch="False" />
            <line number="156" hits="49" branch="False" />
            <line number="157" hits="49" branch="False" />
            <line number="158" hits="49" branch="False" />
          </lines>
        </class>
      </classes>
    </package>
    <package name="PlumGuide.PlutoRover.Web" line-rate="0.5497" branch-rate="0.6896" complexity="81">
      <classes>
        <class name="PlumGuide.PlutoRover.Program" filename="source\repos\PlumGuide.PlutoRover\src\PlumGuide.PlutoRover\Program.cs" line-rate="0" branch-rate="1" complexity="2">
          <methods>
            <method name="Main" signature="(System.String[])" line-rate="0" branch-rate="1" complexity="1">
              <lines>
                <line number="15" hits="0" branch="False" />
                <line number="16" hits="0" branch="False" />
                <line number="17" hits="0" branch="False" />
              </lines>
            </method>
            <method name="CreateHostBuilder" signature="(System.String[])" line-rate="0" branch-rate="1" complexity="1">
              <lines>
                <line number="20" hits="0" branch="False" />
                <line number="21" hits="0" branch="False" />
                <line number="22" hits="0" branch="False" />
                <line number="23" hits="0" branch="False" />
                <line number="24" hits="0" branch="False" />
              </lines>
            </method>
          </methods>
          <lines>
            <line number="15" hits="0" branch="False" />
            <line number="16" hits="0" branch="False" />
            <line number="17" hits="0" branch="False" />
            <line number="20" hits="0" branch="False" />
            <line number="21" hits="0" branch="False" />
            <line number="22" hits="0" branch="False" />
            <line number="23" hits="0" branch="False" />
            <line number="24" hits="0" branch="False" />
          </lines>
        </class>
        <class name="PlumGuide.PlutoRover.Startup" filename="source\repos\PlumGuide.PlutoRover\src\PlumGuide.PlutoRover\Startup.cs" line-rate="0" branch-rate="0" complexity="5">
          <methods>
            <method name="get_Configuration" signature="()" line-rate="0" branch-rate="1" complexity="1">
              <lines>
                <line number="22" hits="0" branch="False" />
              </lines>
            </method>
            <method name="ConfigureServices" signature="(Microsoft.Extensions.DependencyInjection.IServiceCollection)" line-rate="0" branch-rate="1" complexity="1">
              <lines>
                <line number="26" hits="0" branch="False" />
                <line number="28" hits="0" branch="False" />
                <line number="29" hits="0" branch="False" />
                <line number="30" hits="0" branch="False" />
                <line number="31" hits="0" branch="False" />
                <line number="32" hits="0" branch="False" />
                <line number="34" hits="0" branch="False" />
                <line number="35" hits="0" branch="False" />
                <line number="36" hits="0" branch="False" />
                <line number="37" hits="0" branch="False" />
                <line number="38" hits="0" branch="False" />
                <line number="40" hits="0" branch="False" />
                <line number="41" hits="0" branch="False" />
                <line number="42" hits="0" branch="False" />
                <line number="43" hits="0" branch="False" />
                <line number="45" hits="0" branch="False" />
                <line number="46" hits="0" branch="False" />
                <line number="47" hits="0" branch="False" />
                <line number="48" hits="0" branch="False" />
                <line number="49" hits="0" branch="False" />
                <line number="50" hits="0" branch="False" />
                <line number="52" hits="0" branch="False" />
                <line number="53" hits="0" branch="False" />
                <line number="54" hits="0" branch="False" />
              </lines>
            </method>
            <method name="Configure" signature="(Microsoft.AspNetCore.Builder.IApplicationBuilder,Microsoft.AspNetCore.Hosting.IWebHostEnvironment)" line-rate="0" branch-rate="0" complexity="2">
              <lines>
                <line number="58" hits="0" branch="False" />
                <line number="59" hits="0" branch="True" condition-coverage="0% (0/2)">
                  <conditions>
                    <condition number="9" type="jump" coverage="0%" />
                  </conditions>
                </line>
                <line number="60" hits="0" branch="False" />
                <line number="61" hits="0" branch="False" />
                <line number="62" hits="0" branch="False" />
                <line number="63" hits="0" branch="False" />
                <line number="64" hits="0" branch="False" />
                <line number="66" hits="0" branch="False" />
                <line number="68" hits="0" branch="False" />
                <line number="70" hits="0" branch="False" />
                <line number="72" hits="0" branch="False" />
                <line number="73" hits="0" branch="False" />
                <line number="74" hits="0" branch="False" />
                <line number="75" hits="0" branch="False" />
                <line number="76" hits="0" branch="False" />
              </lines>
            </method>
            <method name=".ctor" signature="(Microsoft.Extensions.Configuration.IConfiguration)" line-rate="0" branch-rate="1" complexity="1">
              <lines>
                <line number="17" hits="0" branch="False" />
                <line number="18" hits="0" branch="False" />
                <line number="19" hits="0" branch="False" />
                <line number="20" hits="0" branch="False" />
              </lines>
            </method>
          </methods>
          <lines>
            <line number="22" hits="0" branch="False" />
            <line number="26" hits="0" branch="False" />
            <line number="28" hits="0" branch="False" />
            <line number="29" hits="0" branch="False" />
            <line number="30" hits="0" branch="False" />
            <line number="31" hits="0" branch="False" />
            <line number="32" hits="0" branch="False" />
            <line number="34" hits="0" branch="False" />
            <line number="35" hits="0" branch="False" />
            <line number="36" hits="0" branch="False" />
            <line number="37" hits="0" branch="False" />
            <line number="38" hits="0" branch="False" />
            <line number="40" hits="0" branch="False" />
            <line number="41" hits="0" branch="False" />
            <line number="42" hits="0" branch="False" />
            <line number="43" hits="0" branch="False" />
            <line number="45" hits="0" branch="False" />
            <line number="46" hits="0" branch="False" />
            <line number="47" hits="0" branch="False" />
            <line number="48" hits="0" branch="False" />
            <line number="49" hits="0" branch="False" />
            <line number="50" hits="0" branch="False" />
            <line number="52" hits="0" branch="False" />
            <line number="53" hits="0" branch="False" />
            <line number="54" hits="0" branch="False" />
            <line number="58" hits="0" branch="False" />
            <line number="59" hits="0" branch="True" condition-coverage="0% (0/2)">
              <conditions>
                <condition number="9" type="jump" coverage="0%" />
              </conditions>
            </line>
            <line number="60" hits="0" branch="False" />
            <line number="61" hits="0" branch="False" />
            <line number="62" hits="0" branch="False" />
            <line number="63" hits="0" branch="False" />
            <line number="64" hits="0" branch="False" />
            <line number="66" hits="0" branch="False" />
            <line number="68" hits="0" branch="False" />
            <line number="70" hits="0" branch="False" />
            <line number="72" hits="0" branch="False" />
            <line number="73" hits="0" branch="False" />
            <line number="74" hits="0" branch="False" />
            <line number="75" hits="0" branch="False" />
            <line number="76" hits="0" branch="False" />
            <line number="17" hits="0" branch="False" />
            <line number="18" hits="0" branch="False" />
            <line number="19" hits="0" branch="False" />
            <line number="20" hits="0" branch="False" />
          </lines>
        </class>
        <class name="PlumGuide.PlutoRover.Web.Services.Guard" filename="source\repos\PlumGuide.PlutoRover\src\PlumGuide.PlutoRover\Guards\Guard.cs" line-rate="1" branch-rate="1" complexity="12">
          <methods>
            <method name="WrapEdges" signature="(PlumGuide.PlutoRover.Web.Models.RoverPosition,PlumGuide.PlutoRover.Web.Models.Planet)" line-rate="1" branch-rate="1" complexity="8">
              <lines>
                <line number="10" hits="163" branch="False" />
                <line number="11" hits="163" branch="True" condition-coverage="100% (4/4)">
                  <conditions>
                    <condition number="18" type="jump" coverage="100%" />
                    <condition number="34" type="jump" coverage="100%" />
                  </conditions>
                </line>
                <line number="12" hits="14" branch="False" />
                <line number="13" hits="14" branch="False" />
                <line number="14" hits="14" branch="False" />
                <line number="16" hits="163" branch="True" condition-coverage="100% (4/4)">
                  <conditions>
                    <condition number="84" type="jump" coverage="100%" />
                    <condition number="100" type="jump" coverage="100%" />
                  </conditions>
                </line>
                <line number="17" hits="8" branch="False" />
                <line number="18" hits="8" branch="False" />
                <line number="19" hits="8" branch="False" />
                <line number="20" hits="163" branch="False" />
              </lines>
            </method>
            <method name="WrapCoordinate" signature="(System.Int32,System.Int32)" line-rate="1" branch-rate="1" complexity="2">
              <lines>
                <line number="23" hits="22" branch="False" />
                <line number="24" hits="22" branch="True" condition-coverage="100% (2/2)">
                  <conditions>
                    <condition number="3" type="jump" coverage="100%" />
                  </conditions>
                </line>
                <line number="25" hits="22" branch="False" />
                <line number="26" hits="22" branch="False" />
                <line number="27" hits="22" branch="False" />
              </lines>
            </method>
            <method name="ObstacleDetected" signature="(PlumGuide.PlutoRover.Web.Models.RoverPosition,PlumGuide.PlutoRover.Web.Models.Planet)" line-rate="1" branch-rate="1" complexity="2">
              <lines>
                <line number="30" hits="149" branch="False" />
                <line number="31" hits="427" branch="True" condition-coverage="100% (2/2)">
                  <conditions>
                    <condition number="17" type="jump" coverage="100%" />
                  </conditions>
                </line>
                <line number="32" hits="149" branch="False" />
              </lines>
            </method>
          </methods>
          <lines>
            <line number="10" hits="163" branch="False" />
            <line number="11" hits="163" branch="True" condition-coverage="100% (4/4)">
              <conditions>
                <condition number="18" type="jump" coverage="100%" />
                <condition number="34" type="jump" coverage="100%" />
              </conditions>
            </line>
            <line number="12" hits="14" branch="False" />
            <line number="13" hits="14" branch="False" />
            <line number="14" hits="14" branch="False" />
            <line number="16" hits="163" branch="True" condition-coverage="100% (4/4)">
              <conditions>
                <condition number="84" type="jump" coverage="100%" />
                <condition number="100" type="jump" coverage="100%" />
              </conditions>
            </line>
            <line number="17" hits="8" branch="False" />
            <line number="18" hits="8" branch="False" />
            <line number="19" hits="8" branch="False" />
            <line number="20" hits="163" branch="False" />
            <line number="23" hits="22" branch="False" />
            <line number="24" hits="22" branch="True" condition-coverage="100% (2/2)">
              <conditions>
                <condition number="3" type="jump" coverage="100%" />
              </conditions>
            </line>
            <line number="25" hits="22" branch="False" />
            <line number="26" hits="22" branch="False" />
            <line number="27" hits="22" branch="False" />
            <line number="30" hits="149" branch="False" />
            <line number="31" hits="427" branch="True" condition-coverage="100% (2/2)">
              <conditions>
                <condition number="17" type="jump" coverage="100%" />
              </conditions>
            </line>
            <line number="32" hits="149" branch="False" />
          </lines>
        </class>
        <class name="PlumGuide.PlutoRover.Web.Services.MoveResult" filename="source\repos\PlumGuide.PlutoRover\src\PlumGuide.PlutoRover\Models\MoveResult.cs" line-rate="0.9375" branch-rate="1" complexity="7">
          <methods>
            <method name="get_Succeeded" signature="()" line-rate="1" branch-rate="1" complexity="1">
              <lines>
                <line number="9" hits="72" branch="False" />
              </lines>
            </method>
            <method name="get_Errors" signature="()" line-rate="1" branch-rate="1" complexity="1">
              <lines>
                <line number="10" hits="72" branch="False" />
              </lines>
            </method>
            <method name="get_RoverPosition" signature="()" line-rate="1" branch-rate="1" complexity="1">
              <lines>
                <line number="11" hits="156" branch="False" />
              </lines>
            </method>
            <method name="get_Obstacle" signature="()" line-rate="1" branch-rate="1" complexity="1">
              <lines>
                <line number="12" hits="156" branch="False" />
              </lines>
            </method>
            <method name="Success" signature="(PlumGuide.PlutoRover.Web.Models.RoverPosition,PlumGuide.PlutoRover.Web.Models.Obstacle)" line-rate="1" branch-rate="1" complexity="1">
              <lines>
                <line number="25" hits="76" branch="False" />
              </lines>
            </method>
            <method name="Failure" signature="(System.Collections.Generic.IEnumerable`1&lt;System.String&gt;)" line-rate="0" branch-rate="1" complexity="1">
              <lines>
                <line number="26" hits="0" branch="False" />
              </lines>
            </method>
            <method name=".ctor" signature="(System.Boolean,PlumGuide.PlutoRover.Web.Models.RoverPosition,System.Collections.Generic.IEnumerable`1&lt;System.String&gt;,PlumGuide.PlutoRover.Web.Models.Obstacle)" line-rate="1" branch-rate="1" complexity="1">
              <lines>
                <line number="14" hits="76" branch="False" />
                <line number="15" hits="76" branch="False" />
                <line number="16" hits="76" branch="False" />
                <line number="17" hits="76" branch="False" />
                <line number="18" hits="76" branch="False" />
                <line number="19" hits="76" branch="False" />
                <line number="20" hits="76" branch="False" />
                <line number="21" hits="76" branch="False" />
                <line number="22" hits="76" branch="False" />
                <line number="23" hits="76" branch="False" />
              </lines>
            </method>
          </methods>
          <lines>
            <line number="9" hits="72" branch="False" />
            <line number="10" hits="72" branch="False" />
            <line number="11" hits="156" branch="False" />
            <line number="12" hits="156" branch="False" />
            <line number="25" hits="76" branch="False" />
            <line number="26" hits="0" branch="False" />
            <line number="14" hits="76" branch="False" />
            <line number="15" hits="76" branch="False" />
            <line number="16" hits="76" branch="False" />
            <line number="17" hits="76" branch="False" />
            <line number="18" hits="76" branch="False" />
            <line number="19" hits="76" branch="False" />
            <line number="20" hits="76" branch="False" />
            <line number="21" hits="76" branch="False" />
            <line number="22" hits="76" branch="False" />
            <line number="23" hits="76" branch="False" />
          </lines>
        </class>
        <class name="PlumGuide.PlutoRover.Web.Services.NavigationCommand" filename="source\repos\PlumGuide.PlutoRover\src\PlumGuide.PlutoRover\Models\NavigationCommand.cs" line-rate="1" branch-rate="1" complexity="1">
          <methods>
            <method name="get_Command" signature="()" line-rate="1" branch-rate="1" complexity="1">
              <lines>
                <line number="10" hits="138" branch="False" />
              </lines>
            </method>
          </methods>
          <lines>
            <line number="10" hits="138" branch="False" />
          </lines>
        </class>
        <class name="PlumGuide.PlutoRover.Web.Services.NavigateService" filename="source\repos\PlumGuide.PlutoRover\src\PlumGuide.PlutoRover\Services\NavigateService.cs" line-rate="0.8157" branch-rate="0.7" complexity="40">
          <methods>
            <method name="Move" signature="(PlumGuide.PlutoRover.Web.Services.NavigationCommand)" line-rate="0.909" branch-rate="0.9285" complexity="14">
              <lines>
                <line number="20" hits="49" branch="False" />
                <line number="21" hits="49" branch="False" />
                <line number="22" hits="414" branch="True" condition-coverage="100% (2/2)">
                  <conditions>
                    <condition number="336" type="jump" coverage="100%" />
                  </conditions>
                </line>
                <line number="23" hits="149" branch="False" />
                <line number="24" hits="149" branch="False" />
                <line number="25" hits="149" branch="False" />
                <line number="26" hits="149" branch="False" />
                <line number="27" hits="149" branch="False" />
                <line number="28" hits="149" branch="False" />
                <line number="29" hits="149" branch="False" />
                <line number="31" hits="149" branch="True" condition-coverage="90% (9/10)">
                  <conditions>
                    <condition number="109" type="jump" coverage="100%" />
                    <condition number="115" type="jump" coverage="50%" />
                    <condition number="131" type="jump" coverage="100%" />
                    <condition number="123" type="jump" coverage="100%" />
                    <condition number="139" type="jump" coverage="100%" />
                  </conditions>
                </line>
                <line number="34" hits="46" branch="False" />
                <line number="35" hits="46" branch="False" />
                <line number="37" hits="0" branch="False" />
                <line number="38" hits="0" branch="False" />
                <line number="40" hits="48" branch="False" />
                <line number="41" hits="48" branch="False" />
                <line number="43" hits="55" branch="False" />
                <line number="44" hits="55" branch="False" />
                <line number="46" hits="0" branch="False" />
                <line number="49" hits="149" branch="False" />
                <line number="51" hits="149" branch="True" condition-coverage="100% (2/2)">
                  <conditions>
                    <condition number="219" type="jump" coverage="100%" />
                  </conditions>
                </line>
                <line number="52" hits="4" branch="False" />
                <line number="53" hits="4" branch="False" />
                <line number="54" hits="4" branch="False" />
                <line number="57" hits="145" branch="False" />
                <line number="58" hits="145" branch="False" />
                <line number="59" hits="145" branch="False" />
                <line number="60" hits="145" branch="False" />
                <line number="61" hits="145" branch="False" />
                <line number="62" hits="145" branch="False" />
                <line number="64" hits="36" branch="False" />
                <line number="65" hits="40" branch="False" />
              </lines>
            </method>
            <method name="ValidateCommand" signature="(System.String)" line-rate="1" branch-rate="1" complexity="2">
              <lines>
                <line number="70" hits="49" branch="False" />
                <line number="71" hits="49" branch="False" />
                <line number="72" hits="49" branch="True" condition-coverage="100% (2/2)">
                  <conditions>
                    <condition number="24" type="jump" coverage="100%" />
                  </conditions>
                </line>
                <line number="73" hits="9" branch="False" />
                <line number="74" hits="9" branch="False" />
                <line number="76" hits="40" branch="False" />
              </lines>
            </method>
            <method name="MoveForwards" signature="(PlumGuide.PlutoRover.Web.Models.RoverPosition)" line-rate="0.9" branch-rate="0.875" complexity="8">
              <lines>
                <line number="79" hits="46" branch="False" />
                <line number="80" hits="46" branch="True" condition-coverage="100% (2/2)">
                  <conditions>
                    <condition number="12" type="jump" coverage="100%" />
                  </conditions>
                </line>
                <line number="81" hits="26" branch="False" />
                <line number="82" hits="46" branch="True" condition-coverage="100% (2/2)">
                  <conditions>
                    <condition number="40" type="jump" coverage="100%" />
                  </conditions>
                </line>
                <line number="83" hits="16" branch="False" />
                <line number="84" hits="46" branch="True" condition-coverage="50% (1/2)">
                  <conditions>
                    <condition number="68" type="jump" coverage="50%" />
                  </conditions>
                </line>
                <line number="85" hits="0" branch="False" />
                <line number="86" hits="46" branch="True" condition-coverage="100% (2/2)">
                  <conditions>
                    <condition number="96" type="jump" coverage="100%" />
                  </conditions>
                </line>
                <line number="87" hits="4" branch="False" />
                <line number="88" hits="46" branch="False" />
              </lines>
            </method>
            <method name="MoveBackwards" signature="(PlumGuide.PlutoRover.Web.Models.RoverPosition)" line-rate="0" branch-rate="0" complexity="8">
              <lines>
                <line number="91" hits="0" branch="False" />
                <line number="92" hits="0" branch="True" condition-coverage="0% (0/2)">
                  <conditions>
                    <condition number="12" type="jump" coverage="0%" />
                  </conditions>
                </line>
                <line number="93" hits="0" branch="False" />
                <line number="94" hits="0" branch="True" condition-coverage="0% (0/2)">
                  <conditions>
                    <condition number="40" type="jump" coverage="0%" />
                  </conditions>
                </line>
                <line number="95" hits="0" branch="False" />
                <line number="96" hits="0" branch="True" condition-coverage="0% (0/2)">
                  <conditions>
                    <condition number="68" type="jump" coverage="0%" />
                  </conditions>
                </line>
                <line number="97" hits="0" branch="False" />
                <line number="98" hits="0" branch="True" condition-coverage="0% (0/2)">
                  <conditions>
                    <condition number="96" type="jump" coverage="0%" />
                  </conditions>
                </line>
                <line number="99" hits="0" branch="False" />
                <line number="100" hits="0" branch="False" />
              </lines>
            </method>
            <method name="TurnRight" signature="(PlumGuide.PlutoRover.Web.Models.RoverPosition)" line-rate="1" branch-rate="1" complexity="2">
              <lines>
                <line number="103" hits="55" branch="False" />
                <line number="104" hits="55" branch="True" condition-coverage="100% (2/2)">
                  <conditions>
                    <condition number="11" type="jump" coverage="100%" />
                  </conditions>
                </line>
                <line number="105" hits="55" branch="False" />
                <line number="106" hits="55" branch="False" />
                <line number="107" hits="55" branch="False" />
                <line number="108" hits="55" branch="False" />
              </lines>
            </method>
            <method name="TurnLeft" signature="(PlumGuide.PlutoRover.Web.Models.RoverPosition)" line-rate="1" branch-rate="1" complexity="2">
              <lines>
                <line number="111" hits="48" branch="False" />
                <line number="112" hits="48" branch="True" condition-coverage="100% (2/2)">
                  <conditions>
                    <condition number="11" type="jump" coverage="100%" />
                  </conditions>
                </line>
                <line number="113" hits="48" branch="False" />
                <line number="114" hits="48" branch="False" />
                <line number="115" hits="48" branch="False" />
                <line number="116" hits="48" branch="False" />
              </lines>
            </method>
            <method name=".ctor" signature="(PlumGuide.PlutoRover.Web.Models.Planet,PlumGuide.PlutoRover.Web.Models.RoverPosition)" line-rate="1" branch-rate="0.5" complexity="4">
              <lines>
                <line number="14" hits="49" branch="False" />
                <line number="15" hits="49" branch="False" />
                <line number="16" hits="49" branch="True" condition-coverage="50% (1/2)">
                  <conditions>
                    <condition number="11" type="jump" coverage="50%" />
                  </conditions>
                </line>
                <line number="17" hits="49" branch="True" condition-coverage="50% (1/2)">
                  <conditions>
                    <condition number="33" type="jump" coverage="50%" />
                  </conditions>
                </line>
                <line number="18" hits="49" branch="False" />
              </lines>
            </method>
          </methods>
          <lines>
            <line number="20" hits="49" branch="False" />
            <line number="21" hits="49" branch="False" />
            <line number="22" hits="414" branch="True" condition-coverage="100% (2/2)">
              <conditions>
                <condition number="336" type="jump" coverage="100%" />
              </conditions>
            </line>
            <line number="23" hits="149" branch="False" />
            <line number="24" hits="149" branch="False" />
            <line number="25" hits="149" branch="False" />
            <line number="26" hits="149" branch="False" />
            <line number="27" hits="149" branch="False" />
            <line number="28" hits="149" branch="False" />
            <line number="29" hits="149" branch="False" />
            <line number="31" hits="149" branch="True" condition-coverage="90% (9/10)">
              <conditions>
                <condition number="109" type="jump" coverage="100%" />
                <condition number="115" type="jump" coverage="50%" />
                <condition number="131" type="jump" coverage="100%" />
                <condition number="123" type="jump" coverage="100%" />
                <condition number="139" type="jump" coverage="100%" />
              </conditions>
            </line>
            <line number="34" hits="46" branch="False" />
            <line number="35" hits="46" branch="False" />
            <line number="37" hits="0" branch="False" />
            <line number="38" hits="0" branch="False" />
            <line number="40" hits="48" branch="False" />
            <line number="41" hits="48" branch="False" />
            <line number="43" hits="55" branch="False" />
            <line number="44" hits="55" branch="False" />
            <line number="46" hits="0" branch="False" />
            <line number="49" hits="149" branch="False" />
            <line number="51" hits="149" branch="True" condition-coverage="100% (2/2)">
              <conditions>
                <condition number="219" type="jump" coverage="100%" />
              </conditions>
            </line>
            <line number="52" hits="4" branch="False" />
            <line number="53" hits="4" branch="False" />
            <line number="54" hits="4" branch="False" />
            <line number="57" hits="145" branch="False" />
            <line number="58" hits="145" branch="False" />
            <line number="59" hits="145" branch="False" />
            <line number="60" hits="145" branch="False" />
            <line number="61" hits="145" branch="False" />
            <line number="62" hits="145" branch="False" />
            <line number="64" hits="36" branch="False" />
            <line number="65" hits="40" branch="False" />
            <line number="70" hits="49" branch="False" />
            <line number="71" hits="49" branch="False" />
            <line number="72" hits="49" branch="True" condition-coverage="100% (2/2)">
              <conditions>
                <condition number="24" type="jump" coverage="100%" />
              </conditions>
            </line>
            <line number="73" hits="9" branch="False" />
            <line number="74" hits="9" branch="False" />
            <line number="76" hits="40" branch="False" />
            <line number="79" hits="46" branch="False" />
            <line number="80" hits="46" branch="True" condition-coverage="100% (2/2)">
              <conditions>
                <condition number="12" type="jump" coverage="100%" />
              </conditions>
            </line>
            <line number="81" hits="26" branch="False" />
            <line number="82" hits="46" branch="True" condition-coverage="100% (2/2)">
              <conditions>
                <condition number="40" type="jump" coverage="100%" />
              </conditions>
            </line>
            <line number="83" hits="16" branch="False" />
            <line number="84" hits="46" branch="True" condition-coverage="50% (1/2)">
              <conditions>
                <condition number="68" type="jump" coverage="50%" />
              </conditions>
            </line>
            <line number="85" hits="0" branch="False" />
            <line number="86" hits="46" branch="True" condition-coverage="100% (2/2)">
              <conditions>
                <condition number="96" type="jump" coverage="100%" />
              </conditions>
            </line>
            <line number="87" hits="4" branch="False" />
            <line number="88" hits="46" branch="False" />
            <line number="91" hits="0" branch="False" />
            <line number="92" hits="0" branch="True" condition-coverage="0% (0/2)">
              <conditions>
                <condition number="12" type="jump" coverage="0%" />
              </conditions>
            </line>
            <line number="93" hits="0" branch="False" />
            <line number="94" hits="0" branch="True" condition-coverage="0% (0/2)">
              <conditions>
                <condition number="40" type="jump" coverage="0%" />
              </conditions>
            </line>
            <line number="95" hits="0" branch="False" />
            <line number="96" hits="0" branch="True" condition-coverage="0% (0/2)">
              <conditions>
                <condition number="68" type="jump" coverage="0%" />
              </conditions>
            </line>
            <line number="97" hits="0" branch="False" />
            <line number="98" hits="0" branch="True" condition-coverage="0% (0/2)">
              <conditions>
                <condition number="96" type="jump" coverage="0%" />
              </conditions>
            </line>
            <line number="99" hits="0" branch="False" />
            <line number="100" hits="0" branch="False" />
            <line number="103" hits="55" branch="False" />
            <line number="104" hits="55" branch="True" condition-coverage="100% (2/2)">
              <conditions>
                <condition number="11" type="jump" coverage="100%" />
              </conditions>
            </line>
            <line number="105" hits="55" branch="False" />
            <line number="106" hits="55" branch="False" />
            <line number="107" hits="55" branch="False" />
            <line number="108" hits="55" branch="False" />
            <line number="111" hits="48" branch="False" />
            <line number="112" hits="48" branch="True" condition-coverage="100% (2/2)">
              <conditions>
                <condition number="11" type="jump" coverage="100%" />
              </conditions>
            </line>
            <line number="113" hits="48" branch="False" />
            <line number="114" hits="48" branch="False" />
            <line number="115" hits="48" branch="False" />
            <line number="116" hits="48" branch="False" />
            <line number="14" hits="49" branch="False" />
            <line number="15" hits="49" branch="False" />
            <line number="16" hits="49" branch="True" condition-coverage="50% (1/2)">
              <conditions>
                <condition number="11" type="jump" coverage="50%" />
              </conditions>
            </line>
            <line number="17" hits="49" branch="True" condition-coverage="50% (1/2)">
              <conditions>
                <condition number="33" type="jump" coverage="50%" />
              </conditions>
            </line>
            <line number="18" hits="49" branch="False" />
          </lines>
        </class>
        <class name="PlumGuide.PlutoRover.Web.Exceptions.NavigationException" filename="source\repos\PlumGuide.PlutoRover\src\PlumGuide.PlutoRover\Exceptions\NavigationException.cs" line-rate="0.25" branch-rate="1" complexity="4">
          <methods>
            <method name=".ctor" signature="()" line-rate="0" branch-rate="1" complexity="1">
              <lines>
                <line number="9" hits="0" branch="False" />
                <line number="10" hits="0" branch="False" />
                <line number="11" hits="0" branch="False" />
              </lines>
            </method>
            <method name=".ctor" signature="(System.String)" line-rate="1" branch-rate="1" complexity="1">
              <lines>
                <line number="13" hits="9" branch="False" />
                <line number="14" hits="9" branch="False" />
                <line number="15" hits="9" branch="False" />
              </lines>
            </method>
            <method name=".ctor" signature="(System.String,System.Exception)" line-rate="0" branch-rate="1" complexity="1">
              <lines>
                <line number="17" hits="0" branch="False" />
                <line number="18" hits="0" branch="False" />
                <line number="19" hits="0" branch="False" />
              </lines>
            </method>
            <method name=".ctor" signature="(System.Runtime.Serialization.SerializationInfo,System.Runtime.Serialization.StreamingContext)" line-rate="0" branch-rate="1" complexity="1">
              <lines>
                <line number="21" hits="0" branch="False" />
                <line number="22" hits="0" branch="False" />
                <line number="23" hits="0" branch="False" />
              </lines>
            </method>
          </methods>
          <lines>
            <line number="9" hits="0" branch="False" />
            <line number="10" hits="0" branch="False" />
            <line number="11" hits="0" branch="False" />
            <line number="13" hits="9" branch="False" />
            <line number="14" hits="9" branch="False" />
            <line number="15" hits="9" branch="False" />
            <line number="17" hits="0" branch="False" />
            <line number="18" hits="0" branch="False" />
            <line number="19" hits="0" branch="False" />
            <line number="21" hits="0" branch="False" />
            <line number="22" hits="0" branch="False" />
            <line number="23" hits="0" branch="False" />
          </lines>
        </class>
        <class name="PlumGuide.PlutoRover.Web.Models.CartesianCoordinates" filename="source\repos\PlumGuide.PlutoRover\src\PlumGuide.PlutoRover\Models\CartesianCoordinates.cs" line-rate="1" branch-rate="1" complexity="2">
          <methods>
            <method name="get_X" signature="()" line-rate="1" branch-rate="1" complexity="1">
              <lines>
                <line number="5" hits="1965" branch="False" />
              </lines>
            </method>
            <method name="get_Y" signature="()" line-rate="1" branch-rate="1" complexity="1">
              <lines>
                <line number="6" hits="1421" branch="False" />
              </lines>
            </method>
          </methods>
          <lines>
            <line number="5" hits="1965" branch="False" />
            <line number="6" hits="1421" branch="False" />
          </lines>
        </class>
        <class name="PlumGuide.PlutoRover.Web.Models.Planet" filename="source\repos\PlumGuide.PlutoRover\src\PlumGuide.PlutoRover\Models\Planet.cs" line-rate="1" branch-rate="1" complexity="3">
          <methods>
            <method name="get_Name" signature="()" line-rate="1" branch-rate="1" complexity="1">
              <lines>
                <line number="7" hits="63" branch="False" />
              </lines>
            </method>
            <method name="get_Obstacles" signature="()" line-rate="1" branch-rate="1" complexity="1">
              <lines>
                <line number="8" hits="212" branch="False" />
              </lines>
            </method>
            <method name="get_GridAreaSize" signature="()" line-rate="1" branch-rate="1" complexity="1">
              <lines>
                <line number="9" hits="411" branch="False" />
              </lines>
            </method>
          </methods>
          <lines>
            <line number="7" hits="63" branch="False" />
            <line number="8" hits="212" branch="False" />
            <line number="9" hits="411" branch="False" />
          </lines>
        </class>
        <class name="PlumGuide.PlutoRover.Web.Models.RoverPosition" filename="source\repos\PlumGuide.PlutoRover\src\PlumGuide.PlutoRover\Models\RoverPosition.cs" line-rate="1" branch-rate="1" complexity="1">
          <methods>
            <method name="get_Direction" signature="()" line-rate="1" branch-rate="1" complexity="1">
              <lines>
                <line number="12" hits="1142" branch="False" />
              </lines>
            </method>
          </methods>
          <lines>
            <line number="12" hits="1142" branch="False" />
          </lines>
        </class>
        <class name="PlumGuide.PlutoRover.Web.Controllers.HomeController" filename="source\repos\PlumGuide.PlutoRover\src\PlumGuide.PlutoRover\Controllers\HomeController.cs" line-rate="0" branch-rate="0" complexity="4">
          <methods>
            <method name="Index" signature="(PlumGuide.PlutoRover.Web.Services.NavigationCommand)" line-rate="0" branch-rate="0" complexity="2">
              <lines>
                <line number="21" hits="0" branch="False" />
                <line number="22" hits="0" branch="False" />
                <line number="23" hits="0" branch="True" condition-coverage="0% (0/2)">
                  <conditions>
                    <condition number="22" type="jump" coverage="0%" />
                  </conditions>
                </line>
                <line number="24" hits="0" branch="False" />
                <line number="26" hits="0" branch="False" />
                <line number="27" hits="0" branch="False" />
              </lines>
            </method>
            <method name=".ctor" signature="(PlumGuide.PlutoRover.Web.Interface.INavigateService)" line-rate="0" branch-rate="0" complexity="2">
              <lines>
                <line number="14" hits="0" branch="False" />
                <line number="15" hits="0" branch="False" />
                <line number="16" hits="0" branch="True" condition-coverage="0% (0/2)">
                  <conditions>
                    <condition number="11" type="jump" coverage="0%" />
                  </conditions>
                </line>
                <line number="17" hits="0" branch="False" />
              </lines>
            </method>
          </methods>
          <lines>
            <line number="21" hits="0" branch="False" />
            <line number="22" hits="0" branch="False" />
            <line number="23" hits="0" branch="True" condition-coverage="0% (0/2)">
              <conditions>
                <condition number="22" type="jump" coverage="0%" />
              </conditions>
            </line>
            <line number="24" hits="0" branch="False" />
            <line number="26" hits="0" branch="False" />
            <line number="27" hits="0" branch="False" />
            <line number="14" hits="0" branch="False" />
            <line number="15" hits="0" branch="False" />
            <line number="16" hits="0" branch="True" condition-coverage="0% (0/2)">
              <conditions>
                <condition number="11" type="jump" coverage="0%" />
              </conditions>
            </line>
            <line number="17" hits="0" branch="False" />
          </lines>
        </class>
      </classes>
    </package>
  </packages>
</coverage>